2021-10-11 00:53:38,264 INFO     [modules.udp_manager       :send                      ] Send packet 2160 to 10.0.0.72 with 24 bytes
2021-10-11 00:53:46,249 INFO     [modules.udp_manager       :send                      ] Send packet 2161 to 10.0.0.72 with 24 bytes
2021-10-11 00:53:54,257 INFO     [modules.udp_manager       :send                      ] Send packet 2162 to 10.0.0.72 with 24 bytes
2021-10-11 00:54:02,253 INFO     [modules.udp_manager       :send                      ] Send packet 2163 to 10.0.0.72 with 24 bytes
2021-10-11 00:54:10,244 INFO     [modules.udp_manager       :send                      ] Send packet 2164 to 10.0.0.72 with 24 bytes
2021-10-11 00:54:18,253 INFO     [modules.udp_manager       :send                      ] Send packet 2165 to 10.0.0.72 with 24 bytes
2021-10-11 00:54:26,247 INFO     [modules.udp_manager       :send                      ] Send packet 2166 to 10.0.0.72 with 24 bytes
2021-10-11 00:54:34,243 INFO     [modules.udp_manager       :send                      ] Send packet 2167 to 10.0.0.72 with 24 bytes
2021-10-11 00:54:42,248 INFO     [modules.udp_manager       :send                      ] Send packet 2168 to 10.0.0.72 with 24 bytes
2021-10-11 00:54:50,256 INFO     [modules.udp_manager       :send                      ] Send packet 2169 to 10.0.0.72 with 24 bytes
2021-10-11 00:54:58,257 INFO     [modules.udp_manager       :send                      ] Send packet 2170 to 10.0.0.72 with 24 bytes
2021-10-11 00:55:06,244 INFO     [modules.udp_manager       :send                      ] Send packet 2171 to 10.0.0.72 with 24 bytes
2021-10-11 00:55:14,244 INFO     [modules.udp_manager       :send                      ] Send packet 2172 to 10.0.0.72 with 24 bytes
2021-10-11 00:55:22,255 INFO     [modules.udp_manager       :send                      ] Send packet 2173 to 10.0.0.72 with 24 bytes
2021-10-11 00:55:30,253 INFO     [modules.udp_manager       :send                      ] Send packet 2174 to 10.0.0.72 with 24 bytes
2021-10-11 00:55:38,250 INFO     [modules.udp_manager       :send                      ] Send packet 2175 to 10.0.0.72 with 24 bytes
2021-10-11 00:55:46,252 INFO     [modules.udp_manager       :send                      ] Send packet 2176 to 10.0.0.72 with 24 bytes
2021-10-11 00:55:54,247 INFO     [modules.udp_manager       :send                      ] Send packet 2177 to 10.0.0.72 with 24 bytes
2021-10-11 00:56:02,249 INFO     [modules.udp_manager       :send                      ] Send packet 2178 to 10.0.0.72 with 24 bytes
2021-10-11 00:56:10,244 INFO     [modules.udp_manager       :send                      ] Send packet 2179 to 10.0.0.72 with 24 bytes
2021-10-11 00:56:18,254 INFO     [modules.udp_manager       :send                      ] Send packet 2180 to 10.0.0.72 with 24 bytes
2021-10-11 00:56:26,245 INFO     [modules.udp_manager       :send                      ] Send packet 2181 to 10.0.0.72 with 24 bytes
2021-10-11 00:56:34,242 INFO     [modules.udp_manager       :send                      ] Send packet 2182 to 10.0.0.72 with 24 bytes
2021-10-11 00:56:42,246 INFO     [modules.udp_manager       :send                      ] Send packet 2183 to 10.0.0.72 with 24 bytes
2021-10-11 00:56:50,246 INFO     [modules.udp_manager       :send                      ] Send packet 2184 to 10.0.0.72 with 24 bytes
2021-10-11 00:56:58,252 INFO     [modules.udp_manager       :send                      ] Send packet 2185 to 10.0.0.72 with 24 bytes
2021-10-11 00:57:06,255 INFO     [modules.udp_manager       :send                      ] Send packet 2186 to 10.0.0.72 with 24 bytes
2021-10-11 00:57:14,256 INFO     [modules.udp_manager       :send                      ] Send packet 2187 to 10.0.0.72 with 24 bytes
2021-10-11 00:57:22,242 INFO     [modules.udp_manager       :send                      ] Send packet 2188 to 10.0.0.72 with 24 bytes
2021-10-11 00:57:30,254 INFO     [modules.udp_manager       :send                      ] Send packet 2189 to 10.0.0.72 with 24 bytes
2021-10-11 00:57:38,252 INFO     [modules.udp_manager       :send                      ] Send packet 2190 to 10.0.0.72 with 24 bytes
2021-10-11 00:57:46,255 INFO     [modules.udp_manager       :send                      ] Send packet 2191 to 10.0.0.72 with 24 bytes
2021-10-11 00:57:54,247 INFO     [modules.udp_manager       :send                      ] Send packet 2192 to 10.0.0.72 with 24 bytes
2021-10-11 00:58:02,251 INFO     [modules.udp_manager       :send                      ] Send packet 2193 to 10.0.0.72 with 24 bytes
2021-10-11 00:58:10,248 INFO     [modules.udp_manager       :send                      ] Send packet 2194 to 10.0.0.72 with 24 bytes
2021-10-11 00:58:18,243 INFO     [modules.udp_manager       :send                      ] Send packet 2195 to 10.0.0.72 with 24 bytes
2021-10-11 00:58:26,250 INFO     [modules.udp_manager       :send                      ] Send packet 2196 to 10.0.0.72 with 24 bytes
2021-10-11 00:58:34,251 INFO     [modules.udp_manager       :send                      ] Send packet 2197 to 10.0.0.72 with 24 bytes
2021-10-11 00:58:42,250 INFO     [modules.udp_manager       :send                      ] Send packet 2198 to 10.0.0.72 with 24 bytes
2021-10-11 00:58:50,245 INFO     [modules.udp_manager       :send                      ] Send packet 2199 to 10.0.0.72 with 24 bytes
2021-10-11 00:58:58,249 INFO     [modules.udp_manager       :send                      ] Send packet 2200 to 10.0.0.72 with 24 bytes
2021-10-11 00:59:06,250 INFO     [modules.udp_manager       :send                      ] Send packet 2201 to 10.0.0.72 with 24 bytes
2021-10-11 00:59:14,256 INFO     [modules.udp_manager       :send                      ] Send packet 2202 to 10.0.0.72 with 24 bytes
2021-10-11 00:59:22,252 INFO     [modules.udp_manager       :send                      ] Send packet 2203 to 10.0.0.72 with 24 bytes
2021-10-11 00:59:30,257 INFO     [modules.udp_manager       :send                      ] Send packet 2204 to 10.0.0.72 with 24 bytes
2021-10-11 00:59:38,245 INFO     [modules.udp_manager       :send                      ] Send packet 2205 to 10.0.0.72 with 24 bytes
2021-10-11 00:59:46,242 INFO     [modules.udp_manager       :send                      ] Send packet 2206 to 10.0.0.72 with 24 bytes
2021-10-11 00:59:54,248 INFO     [modules.udp_manager       :send                      ] Send packet 2207 to 10.0.0.72 with 24 bytes
2021-10-11 01:00:02,257 INFO     [modules.udp_manager       :send                      ] Send packet 2208 to 10.0.0.72 with 24 bytes
2021-10-11 01:00:10,253 INFO     [modules.udp_manager       :send                      ] Send packet 2209 to 10.0.0.72 with 24 bytes
2021-10-11 01:00:18,247 INFO     [modules.udp_manager       :send                      ] Send packet 2210 to 10.0.0.72 with 24 bytes
2021-10-11 01:00:26,252 INFO     [modules.udp_manager       :send                      ] Send packet 2211 to 10.0.0.72 with 24 bytes
2021-10-11 01:00:34,255 INFO     [modules.udp_manager       :send                      ] Send packet 2212 to 10.0.0.72 with 24 bytes
2021-10-11 01:00:42,246 INFO     [modules.udp_manager       :send                      ] Send packet 2213 to 10.0.0.72 with 24 bytes
2021-10-11 01:00:50,244 INFO     [modules.udp_manager       :send                      ] Send packet 2214 to 10.0.0.72 with 24 bytes
2021-10-11 01:00:58,246 INFO     [modules.udp_manager       :send                      ] Send packet 2215 to 10.0.0.72 with 24 bytes
2021-10-11 01:01:06,251 INFO     [modules.udp_manager       :send                      ] Send packet 2216 to 10.0.0.72 with 24 bytes
2021-10-11 01:01:14,250 INFO     [modules.udp_manager       :send                      ] Send packet 2217 to 10.0.0.72 with 24 bytes
2021-10-11 01:01:22,247 INFO     [modules.udp_manager       :send                      ] Send packet 2218 to 10.0.0.72 with 24 bytes
2021-10-11 01:01:30,256 INFO     [modules.udp_manager       :send                      ] Send packet 2219 to 10.0.0.72 with 24 bytes
2021-10-11 01:01:38,255 INFO     [modules.udp_manager       :send                      ] Send packet 2220 to 10.0.0.72 with 24 bytes
2021-10-11 01:01:46,242 INFO     [modules.udp_manager       :send                      ] Send packet 2221 to 10.0.0.72 with 24 bytes
2021-10-11 01:01:54,245 INFO     [modules.udp_manager       :send                      ] Send packet 2222 to 10.0.0.72 with 24 bytes
2021-10-11 01:02:02,245 INFO     [modules.udp_manager       :send                      ] Send packet 2223 to 10.0.0.72 with 24 bytes
2021-10-11 01:02:10,250 INFO     [modules.udp_manager       :send                      ] Send packet 2224 to 10.0.0.72 with 24 bytes
2021-10-11 01:02:18,253 INFO     [modules.udp_manager       :send                      ] Send packet 2225 to 10.0.0.72 with 24 bytes
2021-10-11 01:02:26,243 INFO     [modules.udp_manager       :send                      ] Send packet 2226 to 10.0.0.72 with 24 bytes
2021-10-11 01:02:34,245 INFO     [modules.udp_manager       :send                      ] Send packet 2227 to 10.0.0.72 with 24 bytes
2021-10-11 01:02:42,249 INFO     [modules.udp_manager       :send                      ] Send packet 2228 to 10.0.0.72 with 24 bytes
2021-10-11 01:02:50,253 INFO     [modules.udp_manager       :send                      ] Send packet 2229 to 10.0.0.72 with 24 bytes
2021-10-11 01:02:58,258 INFO     [modules.udp_manager       :send                      ] Send packet 2230 to 10.0.0.72 with 24 bytes
2021-10-11 01:03:06,248 INFO     [modules.udp_manager       :send                      ] Send packet 2231 to 10.0.0.72 with 24 bytes
2021-10-11 01:03:14,246 INFO     [modules.udp_manager       :send                      ] Send packet 2232 to 10.0.0.72 with 24 bytes
2021-10-11 01:03:22,253 INFO     [modules.udp_manager       :send                      ] Send packet 2233 to 10.0.0.72 with 24 bytes
2021-10-11 01:03:30,250 INFO     [modules.udp_manager       :send                      ] Send packet 2234 to 10.0.0.72 with 24 bytes
2021-10-11 01:03:38,245 INFO     [modules.udp_manager       :send                      ] Send packet 2235 to 10.0.0.72 with 24 bytes
2021-10-11 01:03:46,247 INFO     [modules.udp_manager       :send                      ] Send packet 2236 to 10.0.0.72 with 24 bytes
2021-10-11 01:03:54,248 INFO     [modules.udp_manager       :send                      ] Send packet 2237 to 10.0.0.72 with 24 bytes
2021-10-11 01:04:02,253 INFO     [modules.udp_manager       :send                      ] Send packet 2238 to 10.0.0.72 with 24 bytes
2021-10-11 01:04:10,244 INFO     [modules.udp_manager       :send                      ] Send packet 2239 to 10.0.0.72 with 24 bytes
2021-10-11 01:04:18,245 INFO     [modules.udp_manager       :send                      ] Send packet 2240 to 10.0.0.72 with 24 bytes
2021-10-11 01:04:26,251 INFO     [modules.udp_manager       :send                      ] Send packet 2241 to 10.0.0.72 with 24 bytes
2021-10-11 01:04:34,252 INFO     [modules.udp_manager       :send                      ] Send packet 2242 to 10.0.0.72 with 24 bytes
2021-10-11 01:04:42,249 INFO     [modules.udp_manager       :send                      ] Send packet 2243 to 10.0.0.72 with 24 bytes
2021-10-11 01:04:50,258 INFO     [modules.udp_manager       :send                      ] Send packet 2244 to 10.0.0.72 with 24 bytes
2021-10-11 01:04:58,243 INFO     [modules.udp_manager       :send                      ] Send packet 2245 to 10.0.0.72 with 24 bytes
2021-10-11 01:05:06,256 INFO     [modules.udp_manager       :send                      ] Send packet 2246 to 10.0.0.72 with 24 bytes
2021-10-11 01:05:14,257 INFO     [modules.udp_manager       :send                      ] Send packet 2247 to 10.0.0.72 with 24 bytes
2021-10-11 01:05:22,257 INFO     [modules.udp_manager       :send                      ] Send packet 2248 to 10.0.0.72 with 24 bytes
2021-10-11 01:05:30,248 INFO     [modules.udp_manager       :send                      ] Send packet 2249 to 10.0.0.72 with 24 bytes
2021-10-11 01:05:38,254 INFO     [modules.udp_manager       :send                      ] Send packet 2250 to 10.0.0.72 with 24 bytes
2021-10-11 01:05:46,244 INFO     [modules.udp_manager       :send                      ] Send packet 2251 to 10.0.0.72 with 24 bytes
2021-10-11 01:05:54,244 INFO     [modules.udp_manager       :send                      ] Send packet 2252 to 10.0.0.72 with 24 bytes
2021-10-11 01:06:02,256 INFO     [modules.udp_manager       :send                      ] Send packet 2253 to 10.0.0.72 with 24 bytes
2021-10-11 01:06:10,251 INFO     [modules.udp_manager       :send                      ] Send packet 2254 to 10.0.0.72 with 24 bytes
2021-10-11 01:06:18,252 INFO     [modules.udp_manager       :send                      ] Send packet 2255 to 10.0.0.72 with 24 bytes
2021-10-11 01:06:26,252 INFO     [modules.udp_manager       :send                      ] Send packet 2256 to 10.0.0.72 with 24 bytes
2021-10-11 01:06:34,248 INFO     [modules.udp_manager       :send                      ] Send packet 2257 to 10.0.0.72 with 24 bytes
2021-10-11 01:06:42,255 INFO     [modules.udp_manager       :send                      ] Send packet 2258 to 10.0.0.72 with 24 bytes
2021-10-11 01:06:50,250 INFO     [modules.udp_manager       :send                      ] Send packet 2259 to 10.0.0.72 with 24 bytes
2021-10-11 01:06:58,249 INFO     [modules.udp_manager       :send                      ] Send packet 2260 to 10.0.0.72 with 24 bytes
2021-10-11 01:07:06,256 INFO     [modules.udp_manager       :send                      ] Send packet 2261 to 10.0.0.72 with 24 bytes
2021-10-11 01:07:14,253 INFO     [modules.udp_manager       :send                      ] Send packet 2262 to 10.0.0.72 with 24 bytes
2021-10-11 01:07:22,256 INFO     [modules.udp_manager       :send                      ] Send packet 2263 to 10.0.0.72 with 24 bytes
2021-10-11 01:07:30,251 INFO     [modules.udp_manager       :send                      ] Send packet 2264 to 10.0.0.72 with 24 bytes
2021-10-11 01:07:38,245 INFO     [modules.udp_manager       :send                      ] Send packet 2265 to 10.0.0.72 with 24 bytes
2021-10-11 01:07:46,254 INFO     [modules.udp_manager       :send                      ] Send packet 2266 to 10.0.0.72 with 24 bytes
2021-10-11 01:07:54,246 INFO     [modules.udp_manager       :send                      ] Send packet 2267 to 10.0.0.72 with 24 bytes
2021-10-11 01:08:02,246 INFO     [modules.udp_manager       :send                      ] Send packet 2268 to 10.0.0.72 with 24 bytes
2021-10-11 01:08:10,249 INFO     [modules.udp_manager       :send                      ] Send packet 2269 to 10.0.0.72 with 24 bytes
2021-10-11 01:08:18,254 INFO     [modules.udp_manager       :send                      ] Send packet 2270 to 10.0.0.72 with 24 bytes
2021-10-11 01:08:26,251 INFO     [modules.udp_manager       :send                      ] Send packet 2271 to 10.0.0.72 with 24 bytes
2021-10-11 01:08:34,250 INFO     [modules.udp_manager       :send                      ] Send packet 2272 to 10.0.0.72 with 24 bytes
2021-10-11 01:08:42,252 INFO     [modules.udp_manager       :send                      ] Send packet 2273 to 10.0.0.72 with 24 bytes
2021-10-11 01:08:50,249 INFO     [modules.udp_manager       :send                      ] Send packet 2274 to 10.0.0.72 with 24 bytes
2021-10-11 01:08:58,253 INFO     [modules.udp_manager       :send                      ] Send packet 2275 to 10.0.0.72 with 24 bytes
2021-10-11 01:09:06,246 INFO     [modules.udp_manager       :send                      ] Send packet 2276 to 10.0.0.72 with 24 bytes
2021-10-11 01:09:14,251 INFO     [modules.udp_manager       :send                      ] Send packet 2277 to 10.0.0.72 with 24 bytes
2021-10-11 01:09:22,244 INFO     [modules.udp_manager       :send                      ] Send packet 2278 to 10.0.0.72 with 24 bytes
2021-10-11 01:09:30,255 INFO     [modules.udp_manager       :send                      ] Send packet 2279 to 10.0.0.72 with 24 bytes
2021-10-11 01:09:38,254 INFO     [modules.udp_manager       :send                      ] Send packet 2280 to 10.0.0.72 with 24 bytes
2021-10-11 01:09:46,244 INFO     [modules.udp_manager       :send                      ] Send packet 2281 to 10.0.0.72 with 24 bytes
2021-10-11 01:09:54,243 INFO     [modules.udp_manager       :send                      ] Send packet 2282 to 10.0.0.72 with 24 bytes
2021-10-11 01:10:02,255 INFO     [modules.udp_manager       :send                      ] Send packet 2283 to 10.0.0.72 with 24 bytes
2021-10-11 01:10:10,256 INFO     [modules.udp_manager       :send                      ] Send packet 2284 to 10.0.0.72 with 24 bytes
2021-10-11 01:10:18,248 INFO     [modules.udp_manager       :send                      ] Send packet 2285 to 10.0.0.72 with 24 bytes
2021-10-11 01:10:26,243 INFO     [modules.udp_manager       :send                      ] Send packet 2286 to 10.0.0.72 with 24 bytes
2021-10-11 01:10:34,253 INFO     [modules.udp_manager       :send                      ] Send packet 2287 to 10.0.0.72 with 24 bytes
2021-10-11 01:10:42,250 INFO     [modules.udp_manager       :send                      ] Send packet 2288 to 10.0.0.72 with 24 bytes
2021-10-11 01:10:50,256 INFO     [modules.udp_manager       :send                      ] Send packet 2289 to 10.0.0.72 with 24 bytes
2021-10-11 01:10:58,253 INFO     [modules.udp_manager       :send                      ] Send packet 2290 to 10.0.0.72 with 24 bytes
2021-10-11 01:11:06,254 INFO     [modules.udp_manager       :send                      ] Send packet 2291 to 10.0.0.72 with 24 bytes
2021-10-11 01:11:14,254 INFO     [modules.udp_manager       :send                      ] Send packet 2292 to 10.0.0.72 with 24 bytes
2021-10-11 01:11:22,244 INFO     [modules.udp_manager       :send                      ] Send packet 2293 to 10.0.0.72 with 24 bytes
2021-10-11 01:11:30,254 INFO     [modules.udp_manager       :send                      ] Send packet 2294 to 10.0.0.72 with 24 bytes
2021-10-11 01:11:38,245 INFO     [modules.udp_manager       :send                      ] Send packet 2295 to 10.0.0.72 with 24 bytes
2021-10-11 01:11:46,258 INFO     [modules.udp_manager       :send                      ] Send packet 2296 to 10.0.0.72 with 24 bytes
2021-10-11 01:11:54,257 INFO     [modules.udp_manager       :send                      ] Send packet 2297 to 10.0.0.72 with 24 bytes
2021-10-11 01:12:02,243 INFO     [modules.udp_manager       :send                      ] Send packet 2298 to 10.0.0.72 with 24 bytes
2021-10-11 01:12:10,252 INFO     [modules.udp_manager       :send                      ] Send packet 2299 to 10.0.0.72 with 24 bytes
2021-10-11 01:12:18,256 INFO     [modules.udp_manager       :send                      ] Send packet 2300 to 10.0.0.72 with 24 bytes
2021-10-11 01:12:26,254 INFO     [modules.udp_manager       :send                      ] Send packet 2301 to 10.0.0.72 with 24 bytes
2021-10-11 01:12:34,247 INFO     [modules.udp_manager       :send                      ] Send packet 2302 to 10.0.0.72 with 24 bytes
2021-10-11 01:12:42,258 INFO     [modules.udp_manager       :send                      ] Send packet 2303 to 10.0.0.72 with 24 bytes
2021-10-11 01:12:50,249 INFO     [modules.udp_manager       :send                      ] Send packet 2304 to 10.0.0.72 with 24 bytes
2021-10-11 01:12:58,254 INFO     [modules.udp_manager       :send                      ] Send packet 2305 to 10.0.0.72 with 24 bytes
2021-10-11 01:13:06,243 INFO     [modules.udp_manager       :send                      ] Send packet 2306 to 10.0.0.72 with 24 bytes
2021-10-11 01:13:14,251 INFO     [modules.udp_manager       :send                      ] Send packet 2307 to 10.0.0.72 with 24 bytes
2021-10-11 01:13:22,244 INFO     [modules.udp_manager       :send                      ] Send packet 2308 to 10.0.0.72 with 24 bytes
2021-10-11 01:13:30,252 INFO     [modules.udp_manager       :send                      ] Send packet 2309 to 10.0.0.72 with 24 bytes
2021-10-11 01:13:38,243 INFO     [modules.udp_manager       :send                      ] Send packet 2310 to 10.0.0.72 with 24 bytes
2021-10-11 01:13:46,261 INFO     [modules.udp_manager       :send                      ] Send packet 2311 to 10.0.0.72 with 24 bytes
2021-10-11 01:13:54,244 INFO     [modules.udp_manager       :send                      ] Send packet 2312 to 10.0.0.72 with 24 bytes
2021-10-11 01:14:02,254 INFO     [modules.udp_manager       :send                      ] Send packet 2313 to 10.0.0.72 with 24 bytes
2021-10-11 01:14:10,243 INFO     [modules.udp_manager       :send                      ] Send packet 2314 to 10.0.0.72 with 24 bytes
2021-10-11 01:14:18,256 INFO     [modules.udp_manager       :send                      ] Send packet 2315 to 10.0.0.72 with 24 bytes
2021-10-11 01:14:26,257 INFO     [modules.udp_manager       :send                      ] Send packet 2316 to 10.0.0.72 with 24 bytes
2021-10-11 01:14:34,244 INFO     [modules.udp_manager       :send                      ] Send packet 2317 to 10.0.0.72 with 24 bytes
2021-10-11 01:14:42,246 INFO     [modules.udp_manager       :send                      ] Send packet 2318 to 10.0.0.72 with 24 bytes
2021-10-11 01:14:50,243 INFO     [modules.udp_manager       :send                      ] Send packet 2319 to 10.0.0.72 with 24 bytes
2021-10-11 01:14:58,249 INFO     [modules.udp_manager       :send                      ] Send packet 2320 to 10.0.0.72 with 24 bytes
2021-10-11 01:15:06,245 INFO     [modules.udp_manager       :send                      ] Send packet 2321 to 10.0.0.72 with 24 bytes
2021-10-11 01:15:14,252 INFO     [modules.udp_manager       :send                      ] Send packet 2322 to 10.0.0.72 with 24 bytes
2021-10-11 01:15:22,249 INFO     [modules.udp_manager       :send                      ] Send packet 2323 to 10.0.0.72 with 24 bytes
2021-10-11 01:15:30,255 INFO     [modules.udp_manager       :send                      ] Send packet 2324 to 10.0.0.72 with 24 bytes
2021-10-11 01:15:38,245 INFO     [modules.udp_manager       :send                      ] Send packet 2325 to 10.0.0.72 with 24 bytes
2021-10-11 01:15:46,249 INFO     [modules.udp_manager       :send                      ] Send packet 2326 to 10.0.0.72 with 24 bytes
2021-10-11 01:15:54,249 INFO     [modules.udp_manager       :send                      ] Send packet 2327 to 10.0.0.72 with 24 bytes
2021-10-11 01:16:02,254 INFO     [modules.udp_manager       :send                      ] Send packet 2328 to 10.0.0.72 with 24 bytes
2021-10-11 01:16:10,255 INFO     [modules.udp_manager       :send                      ] Send packet 2329 to 10.0.0.72 with 24 bytes
2021-10-11 01:16:18,246 INFO     [modules.udp_manager       :send                      ] Send packet 2330 to 10.0.0.72 with 24 bytes
2021-10-11 01:16:26,254 INFO     [modules.udp_manager       :send                      ] Send packet 2331 to 10.0.0.72 with 24 bytes
2021-10-11 01:16:34,244 INFO     [modules.udp_manager       :send                      ] Send packet 2332 to 10.0.0.72 with 24 bytes
2021-10-11 01:16:42,256 INFO     [modules.udp_manager       :send                      ] Send packet 2333 to 10.0.0.72 with 24 bytes
2021-10-11 01:16:50,244 INFO     [modules.udp_manager       :send                      ] Send packet 2334 to 10.0.0.72 with 24 bytes
2021-10-11 01:16:58,251 INFO     [modules.udp_manager       :send                      ] Send packet 2335 to 10.0.0.72 with 24 bytes
2021-10-11 01:17:06,248 INFO     [modules.udp_manager       :send                      ] Send packet 2336 to 10.0.0.72 with 24 bytes
2021-10-11 01:17:14,245 INFO     [modules.udp_manager       :send                      ] Send packet 2337 to 10.0.0.72 with 24 bytes
2021-10-11 01:17:22,255 INFO     [modules.udp_manager       :send                      ] Send packet 2338 to 10.0.0.72 with 24 bytes
2021-10-11 01:17:30,257 INFO     [modules.udp_manager       :send                      ] Send packet 2339 to 10.0.0.72 with 24 bytes
2021-10-11 01:17:38,251 INFO     [modules.udp_manager       :send                      ] Send packet 2340 to 10.0.0.72 with 24 bytes
2021-10-11 01:17:46,253 INFO     [modules.udp_manager       :send                      ] Send packet 2341 to 10.0.0.72 with 24 bytes
2021-10-11 01:17:54,252 INFO     [modules.udp_manager       :send                      ] Send packet 2342 to 10.0.0.72 with 24 bytes
2021-10-11 01:18:02,254 INFO     [modules.udp_manager       :send                      ] Send packet 2343 to 10.0.0.72 with 24 bytes
2021-10-11 01:18:10,257 INFO     [modules.udp_manager       :send                      ] Send packet 2344 to 10.0.0.72 with 24 bytes
2021-10-11 01:18:18,246 INFO     [modules.udp_manager       :send                      ] Send packet 2345 to 10.0.0.72 with 24 bytes
2021-10-11 01:18:26,255 INFO     [modules.udp_manager       :send                      ] Send packet 2346 to 10.0.0.72 with 24 bytes
2021-10-11 01:18:34,248 INFO     [modules.udp_manager       :send                      ] Send packet 2347 to 10.0.0.72 with 24 bytes
2021-10-11 01:18:42,249 INFO     [modules.udp_manager       :send                      ] Send packet 2348 to 10.0.0.72 with 24 bytes
2021-10-11 01:18:50,254 INFO     [modules.udp_manager       :send                      ] Send packet 2349 to 10.0.0.72 with 24 bytes
2021-10-11 01:18:58,244 INFO     [modules.udp_manager       :send                      ] Send packet 2350 to 10.0.0.72 with 24 bytes
2021-10-11 01:19:06,249 INFO     [modules.udp_manager       :send                      ] Send packet 2351 to 10.0.0.72 with 24 bytes
2021-10-11 01:19:14,251 INFO     [modules.udp_manager       :send                      ] Send packet 2352 to 10.0.0.72 with 24 bytes
2021-10-11 01:19:22,244 INFO     [modules.udp_manager       :send                      ] Send packet 2353 to 10.0.0.72 with 24 bytes
2021-10-11 01:19:30,254 INFO     [modules.udp_manager       :send                      ] Send packet 2354 to 10.0.0.72 with 24 bytes
2021-10-11 01:19:38,249 INFO     [modules.udp_manager       :send                      ] Send packet 2355 to 10.0.0.72 with 24 bytes
2021-10-11 01:19:46,257 INFO     [modules.udp_manager       :send                      ] Send packet 2356 to 10.0.0.72 with 24 bytes
2021-10-11 01:19:54,249 INFO     [modules.udp_manager       :send                      ] Send packet 2357 to 10.0.0.72 with 24 bytes
2021-10-11 01:20:02,244 INFO     [modules.udp_manager       :send                      ] Send packet 2358 to 10.0.0.72 with 24 bytes
2021-10-11 01:20:10,250 INFO     [modules.udp_manager       :send                      ] Send packet 2359 to 10.0.0.72 with 24 bytes
2021-10-11 01:20:18,257 INFO     [modules.udp_manager       :send                      ] Send packet 2360 to 10.0.0.72 with 24 bytes
2021-10-11 01:20:26,250 INFO     [modules.udp_manager       :send                      ] Send packet 2361 to 10.0.0.72 with 24 bytes
2021-10-11 01:20:34,254 INFO     [modules.udp_manager       :send                      ] Send packet 2362 to 10.0.0.72 with 24 bytes
2021-10-11 01:20:42,257 INFO     [modules.udp_manager       :send                      ] Send packet 2363 to 10.0.0.72 with 24 bytes
2021-10-11 01:20:50,249 INFO     [modules.udp_manager       :send                      ] Send packet 2364 to 10.0.0.72 with 24 bytes
2021-10-11 01:20:58,244 INFO     [modules.udp_manager       :send                      ] Send packet 2365 to 10.0.0.72 with 24 bytes
2021-10-11 01:21:06,252 INFO     [modules.udp_manager       :send                      ] Send packet 2366 to 10.0.0.72 with 24 bytes
2021-10-11 01:21:14,243 INFO     [modules.udp_manager       :send                      ] Send packet 2367 to 10.0.0.72 with 24 bytes
2021-10-11 01:21:22,256 INFO     [modules.udp_manager       :send                      ] Send packet 2368 to 10.0.0.72 with 24 bytes
2021-10-11 01:21:30,247 INFO     [modules.udp_manager       :send                      ] Send packet 2369 to 10.0.0.72 with 24 bytes
2021-10-11 01:21:38,244 INFO     [modules.udp_manager       :send                      ] Send packet 2370 to 10.0.0.72 with 24 bytes
2021-10-11 01:21:46,255 INFO     [modules.udp_manager       :send                      ] Send packet 2371 to 10.0.0.72 with 24 bytes
2021-10-11 01:21:54,248 INFO     [modules.udp_manager       :send                      ] Send packet 2372 to 10.0.0.72 with 24 bytes
2021-10-11 01:22:02,262 INFO     [modules.udp_manager       :send                      ] Send packet 2373 to 10.0.0.72 with 24 bytes
2021-10-11 01:22:10,247 INFO     [modules.udp_manager       :send                      ] Send packet 2374 to 10.0.0.72 with 24 bytes
2021-10-11 01:22:18,246 INFO     [modules.udp_manager       :send                      ] Send packet 2375 to 10.0.0.72 with 24 bytes
2021-10-11 01:22:26,247 INFO     [modules.udp_manager       :send                      ] Send packet 2376 to 10.0.0.72 with 24 bytes
2021-10-11 01:22:34,250 INFO     [modules.udp_manager       :send                      ] Send packet 2377 to 10.0.0.72 with 24 bytes
2021-10-11 01:22:42,255 INFO     [modules.udp_manager       :send                      ] Send packet 2378 to 10.0.0.72 with 24 bytes
2021-10-11 01:22:50,250 INFO     [modules.udp_manager       :send                      ] Send packet 2379 to 10.0.0.72 with 24 bytes
2021-10-11 01:22:58,243 INFO     [modules.udp_manager       :send                      ] Send packet 2380 to 10.0.0.72 with 24 bytes
2021-10-11 01:23:06,250 INFO     [modules.udp_manager       :send                      ] Send packet 2381 to 10.0.0.72 with 24 bytes
2021-10-11 01:23:14,253 INFO     [modules.udp_manager       :send                      ] Send packet 2382 to 10.0.0.72 with 24 bytes
2021-10-11 01:23:22,248 INFO     [modules.udp_manager       :send                      ] Send packet 2383 to 10.0.0.72 with 24 bytes
2021-10-11 01:23:30,254 INFO     [modules.udp_manager       :send                      ] Send packet 2384 to 10.0.0.72 with 24 bytes
2021-10-11 01:23:38,248 INFO     [modules.udp_manager       :send                      ] Send packet 2385 to 10.0.0.72 with 24 bytes
2021-10-11 01:23:46,247 INFO     [modules.udp_manager       :send                      ] Send packet 2386 to 10.0.0.72 with 24 bytes
2021-10-11 01:23:54,253 INFO     [modules.udp_manager       :send                      ] Send packet 2387 to 10.0.0.72 with 24 bytes
2021-10-11 01:24:02,249 INFO     [modules.udp_manager       :send                      ] Send packet 2388 to 10.0.0.72 with 24 bytes
2021-10-11 01:24:10,248 INFO     [modules.udp_manager       :send                      ] Send packet 2389 to 10.0.0.72 with 24 bytes
2021-10-11 01:24:18,256 INFO     [modules.udp_manager       :send                      ] Send packet 2390 to 10.0.0.72 with 24 bytes
2021-10-11 01:24:26,247 INFO     [modules.udp_manager       :send                      ] Send packet 2391 to 10.0.0.72 with 24 bytes
2021-10-11 01:24:34,246 INFO     [modules.udp_manager       :send                      ] Send packet 2392 to 10.0.0.72 with 24 bytes
2021-10-11 01:24:42,254 INFO     [modules.udp_manager       :send                      ] Send packet 2393 to 10.0.0.72 with 24 bytes
2021-10-11 01:24:50,249 INFO     [modules.udp_manager       :send                      ] Send packet 2394 to 10.0.0.72 with 24 bytes
2021-10-11 01:24:58,255 INFO     [modules.udp_manager       :send                      ] Send packet 2395 to 10.0.0.72 with 24 bytes
2021-10-11 01:25:06,253 INFO     [modules.udp_manager       :send                      ] Send packet 2396 to 10.0.0.72 with 24 bytes
2021-10-11 01:25:14,245 INFO     [modules.udp_manager       :send                      ] Send packet 2397 to 10.0.0.72 with 24 bytes
2021-10-11 01:25:22,255 INFO     [modules.udp_manager       :send                      ] Send packet 2398 to 10.0.0.72 with 24 bytes
2021-10-11 01:25:30,248 INFO     [modules.udp_manager       :send                      ] Send packet 2399 to 10.0.0.72 with 24 bytes
2021-10-11 01:25:38,246 INFO     [modules.udp_manager       :send                      ] Send packet 2400 to 10.0.0.72 with 24 bytes
2021-10-11 01:25:46,255 INFO     [modules.udp_manager       :send                      ] Send packet 2401 to 10.0.0.72 with 24 bytes
2021-10-11 01:25:54,242 INFO     [modules.udp_manager       :send                      ] Send packet 2402 to 10.0.0.72 with 24 bytes
2021-10-11 01:26:02,248 INFO     [modules.udp_manager       :send                      ] Send packet 2403 to 10.0.0.72 with 24 bytes
2021-10-11 01:26:10,252 INFO     [modules.udp_manager       :send                      ] Send packet 2404 to 10.0.0.72 with 24 bytes
2021-10-11 01:26:18,242 INFO     [modules.udp_manager       :send                      ] Send packet 2405 to 10.0.0.72 with 24 bytes
2021-10-11 01:26:26,243 INFO     [modules.udp_manager       :send                      ] Send packet 2406 to 10.0.0.72 with 24 bytes
2021-10-11 01:26:34,256 INFO     [modules.udp_manager       :send                      ] Send packet 2407 to 10.0.0.72 with 24 bytes
2021-10-11 01:26:42,255 INFO     [modules.udp_manager       :send                      ] Send packet 2408 to 10.0.0.72 with 24 bytes
2021-10-11 01:26:50,251 INFO     [modules.udp_manager       :send                      ] Send packet 2409 to 10.0.0.72 with 24 bytes
2021-10-11 01:26:58,257 INFO     [modules.udp_manager       :send                      ] Send packet 2410 to 10.0.0.72 with 24 bytes
2021-10-11 01:27:06,249 INFO     [modules.udp_manager       :send                      ] Send packet 2411 to 10.0.0.72 with 24 bytes
2021-10-11 01:27:14,243 INFO     [modules.udp_manager       :send                      ] Send packet 2412 to 10.0.0.72 with 24 bytes
2021-10-11 01:27:22,250 INFO     [modules.udp_manager       :send                      ] Send packet 2413 to 10.0.0.72 with 24 bytes
2021-10-11 01:27:30,251 INFO     [modules.udp_manager       :send                      ] Send packet 2414 to 10.0.0.72 with 24 bytes
2021-10-11 01:27:38,248 INFO     [modules.udp_manager       :send                      ] Send packet 2415 to 10.0.0.72 with 24 bytes
2021-10-11 01:27:46,256 INFO     [modules.udp_manager       :send                      ] Send packet 2416 to 10.0.0.72 with 24 bytes
2021-10-11 01:27:54,242 INFO     [modules.udp_manager       :send                      ] Send packet 2417 to 10.0.0.72 with 24 bytes
2021-10-11 01:28:02,242 INFO     [modules.udp_manager       :send                      ] Send packet 2418 to 10.0.0.72 with 24 bytes
2021-10-11 01:28:10,242 INFO     [modules.udp_manager       :send                      ] Send packet 2419 to 10.0.0.72 with 24 bytes
2021-10-11 01:28:18,251 INFO     [modules.udp_manager       :send                      ] Send packet 2420 to 10.0.0.72 with 24 bytes
2021-10-11 01:28:26,245 INFO     [modules.udp_manager       :send                      ] Send packet 2421 to 10.0.0.72 with 24 bytes
2021-10-11 01:28:34,248 INFO     [modules.udp_manager       :send                      ] Send packet 2422 to 10.0.0.72 with 24 bytes
2021-10-11 01:28:42,245 INFO     [modules.udp_manager       :send                      ] Send packet 2423 to 10.0.0.72 with 24 bytes
2021-10-11 01:28:50,254 INFO     [modules.udp_manager       :send                      ] Send packet 2424 to 10.0.0.72 with 24 bytes
2021-10-11 01:28:58,253 INFO     [modules.udp_manager       :send                      ] Send packet 2425 to 10.0.0.72 with 24 bytes
2021-10-11 01:29:06,243 INFO     [modules.udp_manager       :send                      ] Send packet 2426 to 10.0.0.72 with 24 bytes
2021-10-11 01:29:14,256 INFO     [modules.udp_manager       :send                      ] Send packet 2427 to 10.0.0.72 with 24 bytes
2021-10-11 01:29:22,267 INFO     [modules.udp_manager       :send                      ] Send packet 2428 to 10.0.0.72 with 24 bytes
2021-10-11 01:29:30,245 INFO     [modules.udp_manager       :send                      ] Send packet 2429 to 10.0.0.72 with 24 bytes
2021-10-11 01:29:38,252 INFO     [modules.udp_manager       :send                      ] Send packet 2430 to 10.0.0.72 with 24 bytes
2021-10-11 01:29:46,254 INFO     [modules.udp_manager       :send                      ] Send packet 2431 to 10.0.0.72 with 24 bytes
2021-10-11 01:29:54,248 INFO     [modules.udp_manager       :send                      ] Send packet 2432 to 10.0.0.72 with 24 bytes
2021-10-11 01:30:02,256 INFO     [modules.udp_manager       :send                      ] Send packet 2433 to 10.0.0.72 with 24 bytes
2021-10-11 01:30:10,242 INFO     [modules.udp_manager       :send                      ] Send packet 2434 to 10.0.0.72 with 24 bytes
2021-10-11 01:30:18,253 INFO     [modules.udp_manager       :send                      ] Send packet 2435 to 10.0.0.72 with 24 bytes
2021-10-11 01:30:26,250 INFO     [modules.udp_manager       :send                      ] Send packet 2436 to 10.0.0.72 with 24 bytes
2021-10-11 01:30:34,247 INFO     [modules.udp_manager       :send                      ] Send packet 2437 to 10.0.0.72 with 24 bytes
2021-10-11 01:30:42,257 INFO     [modules.udp_manager       :send                      ] Send packet 2438 to 10.0.0.72 with 24 bytes
2021-10-11 01:30:50,257 INFO     [modules.udp_manager       :send                      ] Send packet 2439 to 10.0.0.72 with 24 bytes
2021-10-11 01:30:58,256 INFO     [modules.udp_manager       :send                      ] Send packet 2440 to 10.0.0.72 with 24 bytes
2021-10-11 01:31:06,254 INFO     [modules.udp_manager       :send                      ] Send packet 2441 to 10.0.0.72 with 24 bytes
2021-10-11 01:31:14,247 INFO     [modules.udp_manager       :send                      ] Send packet 2442 to 10.0.0.72 with 24 bytes
2021-10-11 01:31:22,242 INFO     [modules.udp_manager       :send                      ] Send packet 2443 to 10.0.0.72 with 24 bytes
2021-10-11 01:31:30,255 INFO     [modules.udp_manager       :send                      ] Send packet 2444 to 10.0.0.72 with 24 bytes
2021-10-11 01:31:38,252 INFO     [modules.udp_manager       :send                      ] Send packet 2445 to 10.0.0.72 with 24 bytes
2021-10-11 01:31:46,249 INFO     [modules.udp_manager       :send                      ] Send packet 2446 to 10.0.0.72 with 24 bytes
2021-10-11 01:31:54,248 INFO     [modules.udp_manager       :send                      ] Send packet 2447 to 10.0.0.72 with 24 bytes
2021-10-11 01:32:02,250 INFO     [modules.udp_manager       :send                      ] Send packet 2448 to 10.0.0.72 with 24 bytes
2021-10-11 01:32:10,242 INFO     [modules.udp_manager       :send                      ] Send packet 2449 to 10.0.0.72 with 24 bytes
2021-10-11 01:32:18,252 INFO     [modules.udp_manager       :send                      ] Send packet 2450 to 10.0.0.72 with 24 bytes
2021-10-11 01:32:26,255 INFO     [modules.udp_manager       :send                      ] Send packet 2451 to 10.0.0.72 with 24 bytes
2021-10-11 01:32:34,244 INFO     [modules.udp_manager       :send                      ] Send packet 2452 to 10.0.0.72 with 24 bytes
2021-10-11 01:32:42,256 INFO     [modules.udp_manager       :send                      ] Send packet 2453 to 10.0.0.72 with 24 bytes
2021-10-11 01:32:50,245 INFO     [modules.udp_manager       :send                      ] Send packet 2454 to 10.0.0.72 with 24 bytes
2021-10-11 01:32:58,248 INFO     [modules.udp_manager       :send                      ] Send packet 2455 to 10.0.0.72 with 24 bytes
2021-10-11 01:33:06,255 INFO     [modules.udp_manager       :send                      ] Send packet 2456 to 10.0.0.72 with 24 bytes
2021-10-11 01:33:14,252 INFO     [modules.udp_manager       :send                      ] Send packet 2457 to 10.0.0.72 with 24 bytes
2021-10-11 01:33:22,255 INFO     [modules.udp_manager       :send                      ] Send packet 2458 to 10.0.0.72 with 24 bytes
2021-10-11 01:33:30,245 INFO     [modules.udp_manager       :send                      ] Send packet 2459 to 10.0.0.72 with 24 bytes
2021-10-11 01:33:38,250 INFO     [modules.udp_manager       :send                      ] Send packet 2460 to 10.0.0.72 with 24 bytes
2021-10-11 01:33:46,260 INFO     [modules.udp_manager       :send                      ] Send packet 2461 to 10.0.0.72 with 24 bytes
2021-10-11 01:33:54,250 INFO     [modules.udp_manager       :send                      ] Send packet 2462 to 10.0.0.72 with 24 bytes
2021-10-11 01:34:02,242 INFO     [modules.udp_manager       :send                      ] Send packet 2463 to 10.0.0.72 with 24 bytes
2021-10-11 01:34:10,252 INFO     [modules.udp_manager       :send                      ] Send packet 2464 to 10.0.0.72 with 24 bytes
2021-10-11 01:34:18,250 INFO     [modules.udp_manager       :send                      ] Send packet 2465 to 10.0.0.72 with 24 bytes
2021-10-11 01:34:26,246 INFO     [modules.udp_manager       :send                      ] Send packet 2466 to 10.0.0.72 with 24 bytes
2021-10-11 01:34:34,251 INFO     [modules.udp_manager       :send                      ] Send packet 2467 to 10.0.0.72 with 24 bytes
2021-10-11 01:34:42,246 INFO     [modules.udp_manager       :send                      ] Send packet 2468 to 10.0.0.72 with 24 bytes
2021-10-11 01:34:50,256 INFO     [modules.udp_manager       :send                      ] Send packet 2469 to 10.0.0.72 with 24 bytes
2021-10-11 01:34:58,244 INFO     [modules.udp_manager       :send                      ] Send packet 2470 to 10.0.0.72 with 24 bytes
2021-10-11 01:35:06,250 INFO     [modules.udp_manager       :send                      ] Send packet 2471 to 10.0.0.72 with 24 bytes
2021-10-11 01:35:14,245 INFO     [modules.udp_manager       :send                      ] Send packet 2472 to 10.0.0.72 with 24 bytes
2021-10-11 01:35:22,243 INFO     [modules.udp_manager       :send                      ] Send packet 2473 to 10.0.0.72 with 24 bytes
2021-10-11 01:35:30,253 INFO     [modules.udp_manager       :send                      ] Send packet 2474 to 10.0.0.72 with 24 bytes
2021-10-11 01:35:38,253 INFO     [modules.udp_manager       :send                      ] Send packet 2475 to 10.0.0.72 with 24 bytes
2021-10-11 01:35:46,245 INFO     [modules.udp_manager       :send                      ] Send packet 2476 to 10.0.0.72 with 24 bytes
2021-10-11 01:35:54,246 INFO     [modules.udp_manager       :send                      ] Send packet 2477 to 10.0.0.72 with 24 bytes
2021-10-11 01:36:02,246 INFO     [modules.udp_manager       :send                      ] Send packet 2478 to 10.0.0.72 with 24 bytes
2021-10-11 01:36:10,251 INFO     [modules.udp_manager       :send                      ] Send packet 2479 to 10.0.0.72 with 24 bytes
2021-10-11 01:36:18,251 INFO     [modules.udp_manager       :send                      ] Send packet 2480 to 10.0.0.72 with 24 bytes
2021-10-11 01:36:26,250 INFO     [modules.udp_manager       :send                      ] Send packet 2481 to 10.0.0.72 with 24 bytes
2021-10-11 01:36:34,251 INFO     [modules.udp_manager       :send                      ] Send packet 2482 to 10.0.0.72 with 24 bytes
2021-10-11 01:36:42,243 INFO     [modules.udp_manager       :send                      ] Send packet 2483 to 10.0.0.72 with 24 bytes
2021-10-11 01:36:50,254 INFO     [modules.udp_manager       :send                      ] Send packet 2484 to 10.0.0.72 with 24 bytes
2021-10-11 01:36:58,252 INFO     [modules.udp_manager       :send                      ] Send packet 2485 to 10.0.0.72 with 24 bytes
2021-10-11 01:37:06,256 INFO     [modules.udp_manager       :send                      ] Send packet 2486 to 10.0.0.72 with 24 bytes
2021-10-11 01:37:14,250 INFO     [modules.udp_manager       :send                      ] Send packet 2487 to 10.0.0.72 with 24 bytes
2021-10-11 01:37:22,248 INFO     [modules.udp_manager       :send                      ] Send packet 2488 to 10.0.0.72 with 24 bytes
2021-10-11 01:37:30,242 INFO     [modules.udp_manager       :send                      ] Send packet 2489 to 10.0.0.72 with 24 bytes
2021-10-11 01:37:38,247 INFO     [modules.udp_manager       :send                      ] Send packet 2490 to 10.0.0.72 with 24 bytes
2021-10-11 01:37:46,245 INFO     [modules.udp_manager       :send                      ] Send packet 2491 to 10.0.0.72 with 24 bytes
2021-10-11 01:37:54,244 INFO     [modules.udp_manager       :send                      ] Send packet 2492 to 10.0.0.72 with 24 bytes
2021-10-11 01:38:02,257 INFO     [modules.udp_manager       :send                      ] Send packet 2493 to 10.0.0.72 with 24 bytes
2021-10-11 01:38:10,257 INFO     [modules.udp_manager       :send                      ] Send packet 2494 to 10.0.0.72 with 24 bytes
2021-10-11 01:38:18,254 INFO     [modules.udp_manager       :send                      ] Send packet 2495 to 10.0.0.72 with 24 bytes
2021-10-11 01:38:26,249 INFO     [modules.udp_manager       :send                      ] Send packet 2496 to 10.0.0.72 with 24 bytes
2021-10-11 01:38:34,245 INFO     [modules.udp_manager       :send                      ] Send packet 2497 to 10.0.0.72 with 24 bytes
2021-10-11 01:38:42,252 INFO     [modules.udp_manager       :send                      ] Send packet 2498 to 10.0.0.72 with 24 bytes
2021-10-11 01:38:50,243 INFO     [modules.udp_manager       :send                      ] Send packet 2499 to 10.0.0.72 with 24 bytes
2021-10-11 01:38:58,247 INFO     [modules.udp_manager       :send                      ] Send packet 2500 to 10.0.0.72 with 24 bytes
2021-10-11 01:39:06,249 INFO     [modules.udp_manager       :send                      ] Send packet 2501 to 10.0.0.72 with 24 bytes
2021-10-11 01:39:14,243 INFO     [modules.udp_manager       :send                      ] Send packet 2502 to 10.0.0.72 with 24 bytes
2021-10-11 01:39:22,255 INFO     [modules.udp_manager       :send                      ] Send packet 2503 to 10.0.0.72 with 24 bytes
2021-10-11 01:39:30,256 INFO     [modules.udp_manager       :send                      ] Send packet 2504 to 10.0.0.72 with 24 bytes
2021-10-11 01:39:38,252 INFO     [modules.udp_manager       :send                      ] Send packet 2505 to 10.0.0.72 with 24 bytes
2021-10-11 01:39:46,247 INFO     [modules.udp_manager       :send                      ] Send packet 2506 to 10.0.0.72 with 24 bytes
2021-10-11 01:39:54,242 INFO     [modules.udp_manager       :send                      ] Send packet 2507 to 10.0.0.72 with 24 bytes
2021-10-11 01:40:02,251 INFO     [modules.udp_manager       :send                      ] Send packet 2508 to 10.0.0.72 with 24 bytes
2021-10-11 01:40:10,243 INFO     [modules.udp_manager       :send                      ] Send packet 2509 to 10.0.0.72 with 24 bytes
2021-10-11 01:40:18,246 INFO     [modules.udp_manager       :send                      ] Send packet 2510 to 10.0.0.72 with 24 bytes
2021-10-11 01:40:26,245 INFO     [modules.udp_manager       :send                      ] Send packet 2511 to 10.0.0.72 with 24 bytes
2021-10-11 01:40:34,251 INFO     [modules.udp_manager       :send                      ] Send packet 2512 to 10.0.0.72 with 24 bytes
2021-10-11 01:40:42,248 INFO     [modules.udp_manager       :send                      ] Send packet 2513 to 10.0.0.72 with 24 bytes
2021-10-11 01:40:50,249 INFO     [modules.udp_manager       :send                      ] Send packet 2514 to 10.0.0.72 with 24 bytes
2021-10-11 01:40:58,247 INFO     [modules.udp_manager       :send                      ] Send packet 2515 to 10.0.0.72 with 24 bytes
2021-10-11 01:41:06,253 INFO     [modules.udp_manager       :send                      ] Send packet 2516 to 10.0.0.72 with 24 bytes
2021-10-11 01:41:14,242 INFO     [modules.udp_manager       :send                      ] Send packet 2517 to 10.0.0.72 with 24 bytes
2021-10-11 01:41:22,253 INFO     [modules.udp_manager       :send                      ] Send packet 2518 to 10.0.0.72 with 24 bytes
2021-10-11 01:41:30,255 INFO     [modules.udp_manager       :send                      ] Send packet 2519 to 10.0.0.72 with 24 bytes
2021-10-11 01:41:38,257 INFO     [modules.udp_manager       :send                      ] Send packet 2520 to 10.0.0.72 with 24 bytes
2021-10-11 01:41:46,245 INFO     [modules.udp_manager       :send                      ] Send packet 2521 to 10.0.0.72 with 24 bytes
2021-10-11 01:41:54,256 INFO     [modules.udp_manager       :send                      ] Send packet 2522 to 10.0.0.72 with 24 bytes
2021-10-11 01:42:02,242 INFO     [modules.udp_manager       :send                      ] Send packet 2523 to 10.0.0.72 with 24 bytes
2021-10-11 01:42:10,252 INFO     [modules.udp_manager       :send                      ] Send packet 2524 to 10.0.0.72 with 24 bytes
2021-10-11 01:42:18,246 INFO     [modules.udp_manager       :send                      ] Send packet 2525 to 10.0.0.72 with 24 bytes
2021-10-11 01:42:26,255 INFO     [modules.udp_manager       :send                      ] Send packet 2526 to 10.0.0.72 with 24 bytes
2021-10-11 01:42:34,243 INFO     [modules.udp_manager       :send                      ] Send packet 2527 to 10.0.0.72 with 24 bytes
2021-10-11 01:42:42,250 INFO     [modules.udp_manager       :send                      ] Send packet 2528 to 10.0.0.72 with 24 bytes
2021-10-11 01:42:50,255 INFO     [modules.udp_manager       :send                      ] Send packet 2529 to 10.0.0.72 with 24 bytes
2021-10-11 01:42:58,252 INFO     [modules.udp_manager       :send                      ] Send packet 2530 to 10.0.0.72 with 24 bytes
2021-10-11 01:43:06,249 INFO     [modules.udp_manager       :send                      ] Send packet 2531 to 10.0.0.72 with 24 bytes
2021-10-11 01:43:14,253 INFO     [modules.udp_manager       :send                      ] Send packet 2532 to 10.0.0.72 with 24 bytes
2021-10-11 01:43:22,245 INFO     [modules.udp_manager       :send                      ] Send packet 2533 to 10.0.0.72 with 24 bytes
2021-10-11 01:43:30,250 INFO     [modules.udp_manager       :send                      ] Send packet 2534 to 10.0.0.72 with 24 bytes
2021-10-11 01:43:38,251 INFO     [modules.udp_manager       :send                      ] Send packet 2535 to 10.0.0.72 with 24 bytes
2021-10-11 01:43:46,252 INFO     [modules.udp_manager       :send                      ] Send packet 2536 to 10.0.0.72 with 24 bytes
2021-10-11 01:43:54,250 INFO     [modules.udp_manager       :send                      ] Send packet 2537 to 10.0.0.72 with 24 bytes
2021-10-11 01:44:02,248 INFO     [modules.udp_manager       :send                      ] Send packet 2538 to 10.0.0.72 with 24 bytes
2021-10-11 01:44:10,254 INFO     [modules.udp_manager       :send                      ] Send packet 2539 to 10.0.0.72 with 24 bytes
2021-10-11 01:44:18,248 INFO     [modules.udp_manager       :send                      ] Send packet 2540 to 10.0.0.72 with 24 bytes
2021-10-11 01:44:26,249 INFO     [modules.udp_manager       :send                      ] Send packet 2541 to 10.0.0.72 with 24 bytes
2021-10-11 01:44:34,257 INFO     [modules.udp_manager       :send                      ] Send packet 2542 to 10.0.0.72 with 24 bytes
2021-10-11 01:44:42,247 INFO     [modules.udp_manager       :send                      ] Send packet 2543 to 10.0.0.72 with 24 bytes
2021-10-11 01:44:50,253 INFO     [modules.udp_manager       :send                      ] Send packet 2544 to 10.0.0.72 with 24 bytes
2021-10-11 01:44:58,249 INFO     [modules.udp_manager       :send                      ] Send packet 2545 to 10.0.0.72 with 24 bytes
2021-10-11 12:05:04,574 NOTICE   [app                       :disconnect                ] Client Disconnected: 127.0.0.1
2021-10-11 12:05:06,149 NOTICE   [app                       :connect                   ] Client Connected: 127.0.0.1
2021-10-11 12:05:07,755 INFO     [modules.udp_manager       :send                      ] Send packet 2546 to 10.0.0.72 with 24 bytes
2021-10-11 12:05:10,606 NOTICE   [app                       :disconnect                ] Client Disconnected: 127.0.0.1
2021-10-11 12:05:10,867 NOTICE   [app                       :connect                   ] Client Connected: 127.0.0.1
2021-10-11 12:05:15,752 INFO     [modules.udp_manager       :send                      ] Send packet 2547 to 10.0.0.72 with 24 bytes
2021-10-11 12:05:23,752 INFO     [modules.udp_manager       :send                      ] Send packet 2548 to 10.0.0.72 with 24 bytes
2021-10-11 12:05:31,754 INFO     [modules.udp_manager       :send                      ] Send packet 2549 to 10.0.0.72 with 24 bytes
2021-10-11 12:05:39,747 INFO     [modules.udp_manager       :send                      ] Send packet 2550 to 10.0.0.72 with 24 bytes
2021-10-11 12:05:48,039 INFO     [modules.udp_manager       :send                      ] Send packet 2551 to 10.0.0.72 with 24 bytes
2021-10-11 12:05:55,746 INFO     [modules.udp_manager       :send                      ] Send packet 2552 to 10.0.0.72 with 24 bytes
2021-10-11 12:06:03,744 INFO     [modules.udp_manager       :send                      ] Send packet 2553 to 10.0.0.72 with 24 bytes
2021-10-11 12:06:11,746 INFO     [modules.udp_manager       :send                      ] Send packet 2554 to 10.0.0.72 with 24 bytes
2021-10-11 12:06:19,750 INFO     [modules.udp_manager       :send                      ] Send packet 2555 to 10.0.0.72 with 24 bytes
2021-10-11 12:06:27,742 INFO     [modules.udp_manager       :send                      ] Send packet 2556 to 10.0.0.72 with 24 bytes
2021-10-11 12:06:35,747 INFO     [modules.udp_manager       :send                      ] Send packet 2557 to 10.0.0.72 with 24 bytes
2021-10-11 12:06:43,796 INFO     [modules.udp_manager       :send                      ] Send packet 2558 to 10.0.0.72 with 24 bytes
2021-10-11 12:06:51,748 INFO     [modules.udp_manager       :send                      ] Send packet 2559 to 10.0.0.72 with 24 bytes
2021-10-11 12:06:59,742 INFO     [modules.udp_manager       :send                      ] Send packet 2560 to 10.0.0.72 with 24 bytes
2021-10-11 12:07:07,752 INFO     [modules.udp_manager       :send                      ] Send packet 2561 to 10.0.0.72 with 24 bytes
2021-10-11 12:07:15,757 INFO     [modules.udp_manager       :send                      ] Send packet 2562 to 10.0.0.72 with 24 bytes
2021-10-11 12:07:23,757 INFO     [modules.udp_manager       :send                      ] Send packet 2563 to 10.0.0.72 with 24 bytes
2021-10-11 12:07:31,744 INFO     [modules.udp_manager       :send                      ] Send packet 2564 to 10.0.0.72 with 24 bytes
2021-10-11 12:07:39,749 INFO     [modules.udp_manager       :send                      ] Send packet 2565 to 10.0.0.72 with 24 bytes
2021-10-11 12:07:47,752 INFO     [modules.udp_manager       :send                      ] Send packet 2566 to 10.0.0.72 with 24 bytes
2021-10-11 12:07:55,745 INFO     [modules.udp_manager       :send                      ] Send packet 2567 to 10.0.0.72 with 24 bytes
2021-10-11 12:08:03,749 INFO     [modules.udp_manager       :send                      ] Send packet 2568 to 10.0.0.72 with 24 bytes
2021-10-11 12:08:11,753 INFO     [modules.udp_manager       :send                      ] Send packet 2569 to 10.0.0.72 with 24 bytes
2021-10-11 12:08:19,747 INFO     [modules.udp_manager       :send                      ] Send packet 2570 to 10.0.0.72 with 24 bytes
2021-10-11 12:08:27,752 INFO     [modules.udp_manager       :send                      ] Send packet 2571 to 10.0.0.72 with 24 bytes
2021-10-11 12:08:35,752 INFO     [modules.udp_manager       :send                      ] Send packet 2572 to 10.0.0.72 with 24 bytes
2021-10-11 12:08:43,768 INFO     [modules.udp_manager       :send                      ] Send packet 2573 to 10.0.0.72 with 24 bytes
2021-10-11 12:08:51,743 INFO     [modules.udp_manager       :send                      ] Send packet 2574 to 10.0.0.72 with 24 bytes
2021-10-11 12:08:59,770 INFO     [modules.udp_manager       :send                      ] Send packet 2575 to 10.0.0.72 with 24 bytes
2021-10-11 12:09:07,752 INFO     [modules.udp_manager       :send                      ] Send packet 2576 to 10.0.0.72 with 24 bytes
2021-10-11 12:09:15,750 INFO     [modules.udp_manager       :send                      ] Send packet 2577 to 10.0.0.72 with 24 bytes
2021-10-11 12:09:23,749 INFO     [modules.udp_manager       :send                      ] Send packet 2578 to 10.0.0.72 with 24 bytes
2021-10-11 12:09:31,753 INFO     [modules.udp_manager       :send                      ] Send packet 2579 to 10.0.0.72 with 24 bytes
2021-10-11 12:09:39,749 INFO     [modules.udp_manager       :send                      ] Send packet 2580 to 10.0.0.72 with 24 bytes
2021-10-11 12:09:47,742 INFO     [modules.udp_manager       :send                      ] Send packet 2581 to 10.0.0.72 with 24 bytes
2021-10-11 12:09:55,753 INFO     [modules.udp_manager       :send                      ] Send packet 2582 to 10.0.0.72 with 24 bytes
2021-10-11 12:10:03,750 INFO     [modules.udp_manager       :send                      ] Send packet 2583 to 10.0.0.72 with 24 bytes
2021-10-11 12:10:11,746 INFO     [modules.udp_manager       :send                      ] Send packet 2584 to 10.0.0.72 with 24 bytes
2021-10-11 12:10:19,743 INFO     [modules.udp_manager       :send                      ] Send packet 2585 to 10.0.0.72 with 24 bytes
2021-10-11 12:10:27,759 INFO     [modules.udp_manager       :send                      ] Send packet 2586 to 10.0.0.72 with 24 bytes
2021-10-11 12:10:35,745 INFO     [modules.udp_manager       :send                      ] Send packet 2587 to 10.0.0.72 with 24 bytes
2021-10-11 12:10:43,756 INFO     [modules.udp_manager       :send                      ] Send packet 2588 to 10.0.0.72 with 24 bytes
2021-10-11 12:10:51,745 INFO     [modules.udp_manager       :send                      ] Send packet 2589 to 10.0.0.72 with 24 bytes
2021-10-11 12:10:59,752 INFO     [modules.udp_manager       :send                      ] Send packet 2590 to 10.0.0.72 with 24 bytes
2021-10-11 12:11:07,743 INFO     [modules.udp_manager       :send                      ] Send packet 2591 to 10.0.0.72 with 24 bytes
2021-10-11 12:11:15,742 INFO     [modules.udp_manager       :send                      ] Send packet 2592 to 10.0.0.72 with 24 bytes
2021-10-11 12:11:23,756 INFO     [modules.udp_manager       :send                      ] Send packet 2593 to 10.0.0.72 with 24 bytes
2021-10-11 12:11:31,767 INFO     [modules.udp_manager       :send                      ] Send packet 2594 to 10.0.0.72 with 24 bytes
2021-10-11 12:11:39,743 INFO     [modules.udp_manager       :send                      ] Send packet 2595 to 10.0.0.72 with 24 bytes
2021-10-11 12:11:47,748 INFO     [modules.udp_manager       :send                      ] Send packet 2596 to 10.0.0.72 with 24 bytes
2021-10-11 12:11:55,747 INFO     [modules.udp_manager       :send                      ] Send packet 2597 to 10.0.0.72 with 24 bytes
2021-10-11 12:12:03,752 INFO     [modules.udp_manager       :send                      ] Send packet 2598 to 10.0.0.72 with 24 bytes
2021-10-11 12:12:11,767 INFO     [modules.udp_manager       :send                      ] Send packet 2599 to 10.0.0.72 with 24 bytes
2021-10-11 12:12:19,752 INFO     [modules.udp_manager       :send                      ] Send packet 2600 to 10.0.0.72 with 24 bytes
2021-10-11 12:12:27,741 INFO     [modules.udp_manager       :send                      ] Send packet 2601 to 10.0.0.72 with 24 bytes
2021-10-11 12:12:35,745 INFO     [modules.udp_manager       :send                      ] Send packet 2602 to 10.0.0.72 with 24 bytes
2021-10-11 12:12:43,742 INFO     [modules.udp_manager       :send                      ] Send packet 2603 to 10.0.0.72 with 24 bytes
2021-10-11 12:12:51,776 INFO     [modules.udp_manager       :send                      ] Send packet 2604 to 10.0.0.72 with 24 bytes
2021-10-11 12:12:59,756 INFO     [modules.udp_manager       :send                      ] Send packet 2605 to 10.0.0.72 with 24 bytes
2021-10-11 12:13:07,754 INFO     [modules.udp_manager       :send                      ] Send packet 2606 to 10.0.0.72 with 24 bytes
2021-10-11 12:13:15,747 INFO     [modules.udp_manager       :send                      ] Send packet 2607 to 10.0.0.72 with 24 bytes
2021-10-11 12:13:23,750 INFO     [modules.udp_manager       :send                      ] Send packet 2608 to 10.0.0.72 with 24 bytes
2021-10-11 12:13:31,754 INFO     [modules.udp_manager       :send                      ] Send packet 2609 to 10.0.0.72 with 24 bytes
2021-10-11 12:13:39,752 INFO     [modules.udp_manager       :send                      ] Send packet 2610 to 10.0.0.72 with 24 bytes
2021-10-11 12:13:47,754 INFO     [modules.udp_manager       :send                      ] Send packet 2611 to 10.0.0.72 with 24 bytes
2021-10-11 12:13:55,765 INFO     [modules.udp_manager       :send                      ] Send packet 2612 to 10.0.0.72 with 24 bytes
2021-10-11 12:14:03,742 INFO     [modules.udp_manager       :send                      ] Send packet 2613 to 10.0.0.72 with 24 bytes
2021-10-11 12:14:11,750 INFO     [modules.udp_manager       :send                      ] Send packet 2614 to 10.0.0.72 with 24 bytes
2021-10-11 12:14:19,748 INFO     [modules.udp_manager       :send                      ] Send packet 2615 to 10.0.0.72 with 24 bytes
2021-10-11 12:14:27,751 INFO     [modules.udp_manager       :send                      ] Send packet 2616 to 10.0.0.72 with 24 bytes
2021-10-11 12:14:35,747 INFO     [modules.udp_manager       :send                      ] Send packet 2617 to 10.0.0.72 with 24 bytes
2021-10-11 12:14:43,768 INFO     [modules.udp_manager       :send                      ] Send packet 2618 to 10.0.0.72 with 24 bytes
2021-10-11 12:14:51,742 INFO     [modules.udp_manager       :send                      ] Send packet 2619 to 10.0.0.72 with 24 bytes
2021-10-11 12:14:59,749 INFO     [modules.udp_manager       :send                      ] Send packet 2620 to 10.0.0.72 with 24 bytes
2021-10-11 12:15:07,770 INFO     [modules.udp_manager       :send                      ] Send packet 2621 to 10.0.0.72 with 24 bytes
2021-10-11 12:15:15,753 INFO     [modules.udp_manager       :send                      ] Send packet 2622 to 10.0.0.72 with 24 bytes
2021-10-11 12:15:23,748 INFO     [modules.udp_manager       :send                      ] Send packet 2623 to 10.0.0.72 with 24 bytes
2021-10-11 12:15:31,760 INFO     [modules.udp_manager       :send                      ] Send packet 2624 to 10.0.0.72 with 24 bytes
2021-10-11 12:15:39,754 INFO     [modules.udp_manager       :send                      ] Send packet 2625 to 10.0.0.72 with 24 bytes
2021-10-11 12:15:47,755 INFO     [modules.udp_manager       :send                      ] Send packet 2626 to 10.0.0.72 with 24 bytes
2021-10-11 12:15:55,749 INFO     [modules.udp_manager       :send                      ] Send packet 2627 to 10.0.0.72 with 24 bytes
2021-10-11 12:16:03,743 INFO     [modules.udp_manager       :send                      ] Send packet 2628 to 10.0.0.72 with 24 bytes
2021-10-11 12:16:11,746 INFO     [modules.udp_manager       :send                      ] Send packet 2629 to 10.0.0.72 with 24 bytes
2021-10-11 12:16:19,744 INFO     [modules.udp_manager       :send                      ] Send packet 2630 to 10.0.0.72 with 24 bytes
2021-10-11 12:16:27,754 INFO     [modules.udp_manager       :send                      ] Send packet 2631 to 10.0.0.72 with 24 bytes
2021-10-11 12:16:35,748 INFO     [modules.udp_manager       :send                      ] Send packet 2632 to 10.0.0.72 with 24 bytes
2021-10-11 12:16:43,755 INFO     [modules.udp_manager       :send                      ] Send packet 2633 to 10.0.0.72 with 24 bytes
2021-10-11 12:16:51,745 INFO     [modules.udp_manager       :send                      ] Send packet 2634 to 10.0.0.72 with 24 bytes
2021-10-11 12:16:59,745 INFO     [modules.udp_manager       :send                      ] Send packet 2635 to 10.0.0.72 with 24 bytes
2021-10-11 12:17:07,743 INFO     [modules.udp_manager       :send                      ] Send packet 2636 to 10.0.0.72 with 24 bytes
2021-10-11 12:17:15,749 INFO     [modules.udp_manager       :send                      ] Send packet 2637 to 10.0.0.72 with 24 bytes
2021-10-11 12:17:23,743 INFO     [modules.udp_manager       :send                      ] Send packet 2638 to 10.0.0.72 with 24 bytes
2021-10-11 12:17:31,743 INFO     [modules.udp_manager       :send                      ] Send packet 2639 to 10.0.0.72 with 24 bytes
2021-10-11 12:17:39,747 INFO     [modules.udp_manager       :send                      ] Send packet 2640 to 10.0.0.72 with 24 bytes
2021-10-11 12:17:47,745 INFO     [modules.udp_manager       :send                      ] Send packet 2641 to 10.0.0.72 with 24 bytes
2021-10-11 12:17:55,745 INFO     [modules.udp_manager       :send                      ] Send packet 2642 to 10.0.0.72 with 24 bytes
2021-10-11 12:18:03,756 INFO     [modules.udp_manager       :send                      ] Send packet 2643 to 10.0.0.72 with 24 bytes
2021-10-11 12:18:11,755 INFO     [modules.udp_manager       :send                      ] Send packet 2644 to 10.0.0.72 with 24 bytes
2021-10-11 12:18:19,745 INFO     [modules.udp_manager       :send                      ] Send packet 2645 to 10.0.0.72 with 24 bytes
2021-10-11 12:18:27,742 INFO     [modules.udp_manager       :send                      ] Send packet 2646 to 10.0.0.72 with 24 bytes
2021-10-11 12:18:35,742 INFO     [modules.udp_manager       :send                      ] Send packet 2647 to 10.0.0.72 with 24 bytes
2021-10-11 12:18:43,741 INFO     [modules.udp_manager       :send                      ] Send packet 2648 to 10.0.0.72 with 24 bytes
2021-10-11 12:18:51,741 INFO     [modules.udp_manager       :send                      ] Send packet 2649 to 10.0.0.72 with 24 bytes
2021-10-11 12:18:59,747 INFO     [modules.udp_manager       :send                      ] Send packet 2650 to 10.0.0.72 with 24 bytes
2021-10-11 12:19:07,742 INFO     [modules.udp_manager       :send                      ] Send packet 2651 to 10.0.0.72 with 24 bytes
2021-10-11 12:19:15,741 INFO     [modules.udp_manager       :send                      ] Send packet 2652 to 10.0.0.72 with 24 bytes
2021-10-11 12:19:23,742 INFO     [modules.udp_manager       :send                      ] Send packet 2653 to 10.0.0.72 with 24 bytes
2021-10-11 12:19:31,743 INFO     [modules.udp_manager       :send                      ] Send packet 2654 to 10.0.0.72 with 24 bytes
2021-10-11 12:19:39,742 INFO     [modules.udp_manager       :send                      ] Send packet 2655 to 10.0.0.72 with 24 bytes
2021-10-11 12:19:47,742 INFO     [modules.udp_manager       :send                      ] Send packet 2656 to 10.0.0.72 with 24 bytes
2021-10-11 12:19:55,741 INFO     [modules.udp_manager       :send                      ] Send packet 2657 to 10.0.0.72 with 24 bytes
2021-10-11 12:20:03,742 INFO     [modules.udp_manager       :send                      ] Send packet 2658 to 10.0.0.72 with 24 bytes
2021-10-11 12:20:11,742 INFO     [modules.udp_manager       :send                      ] Send packet 2659 to 10.0.0.72 with 24 bytes
2021-10-11 12:20:19,741 INFO     [modules.udp_manager       :send                      ] Send packet 2660 to 10.0.0.72 with 24 bytes
2021-10-11 12:20:27,742 INFO     [modules.udp_manager       :send                      ] Send packet 2661 to 10.0.0.72 with 24 bytes
2021-10-11 12:20:35,742 INFO     [modules.udp_manager       :send                      ] Send packet 2662 to 10.0.0.72 with 24 bytes
2021-10-11 12:20:43,741 INFO     [modules.udp_manager       :send                      ] Send packet 2663 to 10.0.0.72 with 24 bytes
2021-10-11 12:20:51,742 INFO     [modules.udp_manager       :send                      ] Send packet 2664 to 10.0.0.72 with 24 bytes
2021-10-11 12:20:59,742 INFO     [modules.udp_manager       :send                      ] Send packet 2665 to 10.0.0.72 with 24 bytes
2021-10-11 12:21:07,742 INFO     [modules.udp_manager       :send                      ] Send packet 2666 to 10.0.0.72 with 24 bytes
2021-10-11 12:21:15,742 INFO     [modules.udp_manager       :send                      ] Send packet 2667 to 10.0.0.72 with 24 bytes
2021-10-11 12:21:23,742 INFO     [modules.udp_manager       :send                      ] Send packet 2668 to 10.0.0.72 with 24 bytes
2021-10-11 12:21:31,742 INFO     [modules.udp_manager       :send                      ] Send packet 2669 to 10.0.0.72 with 24 bytes
2021-10-11 12:21:39,742 INFO     [modules.udp_manager       :send                      ] Send packet 2670 to 10.0.0.72 with 24 bytes
2021-10-11 12:21:47,741 INFO     [modules.udp_manager       :send                      ] Send packet 2671 to 10.0.0.72 with 24 bytes
2021-10-11 12:21:55,741 INFO     [modules.udp_manager       :send                      ] Send packet 2672 to 10.0.0.72 with 24 bytes
2021-10-11 12:22:03,742 INFO     [modules.udp_manager       :send                      ] Send packet 2673 to 10.0.0.72 with 24 bytes
2021-10-11 12:22:11,742 INFO     [modules.udp_manager       :send                      ] Send packet 2674 to 10.0.0.72 with 24 bytes
2021-10-11 12:22:19,742 INFO     [modules.udp_manager       :send                      ] Send packet 2675 to 10.0.0.72 with 24 bytes
2021-10-11 12:22:27,742 INFO     [modules.udp_manager       :send                      ] Send packet 2676 to 10.0.0.72 with 24 bytes
2021-10-11 12:22:35,742 INFO     [modules.udp_manager       :send                      ] Send packet 2677 to 10.0.0.72 with 24 bytes
2021-10-11 12:22:43,742 INFO     [modules.udp_manager       :send                      ] Send packet 2678 to 10.0.0.72 with 24 bytes
2021-10-11 12:22:51,742 INFO     [modules.udp_manager       :send                      ] Send packet 2679 to 10.0.0.72 with 24 bytes
2021-10-11 12:22:59,742 INFO     [modules.udp_manager       :send                      ] Send packet 2680 to 10.0.0.72 with 24 bytes
2021-10-11 12:23:07,742 INFO     [modules.udp_manager       :send                      ] Send packet 2681 to 10.0.0.72 with 24 bytes
2021-10-11 12:23:15,742 INFO     [modules.udp_manager       :send                      ] Send packet 2682 to 10.0.0.72 with 24 bytes
2021-10-11 12:23:23,742 INFO     [modules.udp_manager       :send                      ] Send packet 2683 to 10.0.0.72 with 24 bytes
2021-10-11 12:23:31,742 INFO     [modules.udp_manager       :send                      ] Send packet 2684 to 10.0.0.72 with 24 bytes
2021-10-11 12:23:39,741 INFO     [modules.udp_manager       :send                      ] Send packet 2685 to 10.0.0.72 with 24 bytes
2021-10-11 12:23:47,742 INFO     [modules.udp_manager       :send                      ] Send packet 2686 to 10.0.0.72 with 24 bytes
2021-10-11 12:23:55,742 INFO     [modules.udp_manager       :send                      ] Send packet 2687 to 10.0.0.72 with 24 bytes
2021-10-11 12:24:03,741 INFO     [modules.udp_manager       :send                      ] Send packet 2688 to 10.0.0.72 with 24 bytes
2021-10-11 12:24:11,742 INFO     [modules.udp_manager       :send                      ] Send packet 2689 to 10.0.0.72 with 24 bytes
2021-10-11 12:24:19,742 INFO     [modules.udp_manager       :send                      ] Send packet 2690 to 10.0.0.72 with 24 bytes
2021-10-11 12:24:27,741 INFO     [modules.udp_manager       :send                      ] Send packet 2691 to 10.0.0.72 with 24 bytes
2021-10-11 12:24:35,742 INFO     [modules.udp_manager       :send                      ] Send packet 2692 to 10.0.0.72 with 24 bytes
2021-10-11 12:24:43,741 INFO     [modules.udp_manager       :send                      ] Send packet 2693 to 10.0.0.72 with 24 bytes
2021-10-11 12:24:51,742 INFO     [modules.udp_manager       :send                      ] Send packet 2694 to 10.0.0.72 with 24 bytes
2021-10-11 12:24:59,741 INFO     [modules.udp_manager       :send                      ] Send packet 2695 to 10.0.0.72 with 24 bytes
2021-10-11 12:25:07,742 INFO     [modules.udp_manager       :send                      ] Send packet 2696 to 10.0.0.72 with 24 bytes
2021-10-11 12:25:15,741 INFO     [modules.udp_manager       :send                      ] Send packet 2697 to 10.0.0.72 with 24 bytes
2021-10-11 12:25:23,742 INFO     [modules.udp_manager       :send                      ] Send packet 2698 to 10.0.0.72 with 24 bytes
2021-10-11 12:25:31,742 INFO     [modules.udp_manager       :send                      ] Send packet 2699 to 10.0.0.72 with 24 bytes
2021-10-11 12:25:39,741 INFO     [modules.udp_manager       :send                      ] Send packet 2700 to 10.0.0.72 with 24 bytes
2021-10-11 12:25:47,742 INFO     [modules.udp_manager       :send                      ] Send packet 2701 to 10.0.0.72 with 24 bytes
2021-10-11 12:25:55,742 INFO     [modules.udp_manager       :send                      ] Send packet 2702 to 10.0.0.72 with 24 bytes
2021-10-11 12:26:03,742 INFO     [modules.udp_manager       :send                      ] Send packet 2703 to 10.0.0.72 with 24 bytes
2021-10-11 12:26:11,742 INFO     [modules.udp_manager       :send                      ] Send packet 2704 to 10.0.0.72 with 24 bytes
2021-10-11 12:26:19,748 INFO     [modules.udp_manager       :send                      ] Send packet 2705 to 10.0.0.72 with 24 bytes
2021-10-11 12:26:27,742 INFO     [modules.udp_manager       :send                      ] Send packet 2706 to 10.0.0.72 with 24 bytes
2021-10-11 12:26:35,741 INFO     [modules.udp_manager       :send                      ] Send packet 2707 to 10.0.0.72 with 24 bytes
2021-10-11 12:26:43,742 INFO     [modules.udp_manager       :send                      ] Send packet 2708 to 10.0.0.72 with 24 bytes
2021-10-11 12:26:51,741 INFO     [modules.udp_manager       :send                      ] Send packet 2709 to 10.0.0.72 with 24 bytes
2021-10-11 12:26:59,741 INFO     [modules.udp_manager       :send                      ] Send packet 2710 to 10.0.0.72 with 24 bytes
2021-10-11 12:27:07,742 INFO     [modules.udp_manager       :send                      ] Send packet 2711 to 10.0.0.72 with 24 bytes
2021-10-11 12:27:15,742 INFO     [modules.udp_manager       :send                      ] Send packet 2712 to 10.0.0.72 with 24 bytes
2021-10-11 12:27:23,741 INFO     [modules.udp_manager       :send                      ] Send packet 2713 to 10.0.0.72 with 24 bytes
2021-10-11 12:27:31,742 INFO     [modules.udp_manager       :send                      ] Send packet 2714 to 10.0.0.72 with 24 bytes
2021-10-11 12:27:39,741 INFO     [modules.udp_manager       :send                      ] Send packet 2715 to 10.0.0.72 with 24 bytes
2021-10-11 12:27:47,742 INFO     [modules.udp_manager       :send                      ] Send packet 2716 to 10.0.0.72 with 24 bytes
2021-10-11 12:27:55,742 INFO     [modules.udp_manager       :send                      ] Send packet 2717 to 10.0.0.72 with 24 bytes
2021-10-11 12:28:03,741 INFO     [modules.udp_manager       :send                      ] Send packet 2718 to 10.0.0.72 with 24 bytes
2021-10-11 12:28:11,741 INFO     [modules.udp_manager       :send                      ] Send packet 2719 to 10.0.0.72 with 24 bytes
2021-10-11 12:28:19,741 INFO     [modules.udp_manager       :send                      ] Send packet 2720 to 10.0.0.72 with 24 bytes
2021-10-11 12:28:27,743 INFO     [modules.udp_manager       :send                      ] Send packet 2721 to 10.0.0.72 with 24 bytes
2021-10-11 12:28:35,742 INFO     [modules.udp_manager       :send                      ] Send packet 2722 to 10.0.0.72 with 24 bytes
2021-10-11 12:28:43,742 INFO     [modules.udp_manager       :send                      ] Send packet 2723 to 10.0.0.72 with 24 bytes
2021-10-11 12:28:51,742 INFO     [modules.udp_manager       :send                      ] Send packet 2724 to 10.0.0.72 with 24 bytes
2021-10-11 12:28:59,741 INFO     [modules.udp_manager       :send                      ] Send packet 2725 to 10.0.0.72 with 24 bytes
2021-10-11 12:29:07,742 INFO     [modules.udp_manager       :send                      ] Send packet 2726 to 10.0.0.72 with 24 bytes
2021-10-11 12:29:15,741 INFO     [modules.udp_manager       :send                      ] Send packet 2727 to 10.0.0.72 with 24 bytes
2021-10-11 12:29:23,741 INFO     [modules.udp_manager       :send                      ] Send packet 2728 to 10.0.0.72 with 24 bytes
2021-10-11 12:29:31,741 INFO     [modules.udp_manager       :send                      ] Send packet 2729 to 10.0.0.72 with 24 bytes
2021-10-11 12:29:39,741 INFO     [modules.udp_manager       :send                      ] Send packet 2730 to 10.0.0.72 with 24 bytes
2021-10-11 12:29:47,741 INFO     [modules.udp_manager       :send                      ] Send packet 2731 to 10.0.0.72 with 24 bytes
2021-10-11 12:29:55,742 INFO     [modules.udp_manager       :send                      ] Send packet 2732 to 10.0.0.72 with 24 bytes
2021-10-11 12:30:03,741 INFO     [modules.udp_manager       :send                      ] Send packet 2733 to 10.0.0.72 with 24 bytes
2021-10-11 12:30:11,742 INFO     [modules.udp_manager       :send                      ] Send packet 2734 to 10.0.0.72 with 24 bytes
2021-10-11 12:30:19,742 INFO     [modules.udp_manager       :send                      ] Send packet 2735 to 10.0.0.72 with 24 bytes
2021-10-11 12:30:27,742 INFO     [modules.udp_manager       :send                      ] Send packet 2736 to 10.0.0.72 with 24 bytes
2021-10-11 12:30:35,742 INFO     [modules.udp_manager       :send                      ] Send packet 2737 to 10.0.0.72 with 24 bytes
2021-10-11 12:30:43,741 INFO     [modules.udp_manager       :send                      ] Send packet 2738 to 10.0.0.72 with 24 bytes
2021-10-11 12:30:51,742 INFO     [modules.udp_manager       :send                      ] Send packet 2739 to 10.0.0.72 with 24 bytes
2021-10-11 12:30:59,741 INFO     [modules.udp_manager       :send                      ] Send packet 2740 to 10.0.0.72 with 24 bytes
2021-10-11 12:31:07,746 INFO     [modules.udp_manager       :send                      ] Send packet 2741 to 10.0.0.72 with 24 bytes
2021-10-11 12:31:15,751 INFO     [modules.udp_manager       :send                      ] Send packet 2742 to 10.0.0.72 with 24 bytes
2021-10-11 12:31:23,757 INFO     [modules.udp_manager       :send                      ] Send packet 2743 to 10.0.0.72 with 24 bytes
2021-10-11 12:31:31,746 INFO     [modules.udp_manager       :send                      ] Send packet 2744 to 10.0.0.72 with 24 bytes
2021-10-11 12:31:39,757 INFO     [modules.udp_manager       :send                      ] Send packet 2745 to 10.0.0.72 with 24 bytes
2021-10-11 12:31:47,755 INFO     [modules.udp_manager       :send                      ] Send packet 2746 to 10.0.0.72 with 24 bytes
2021-10-11 12:31:55,751 INFO     [modules.udp_manager       :send                      ] Send packet 2747 to 10.0.0.72 with 24 bytes
2021-10-11 12:32:03,754 INFO     [modules.udp_manager       :send                      ] Send packet 2748 to 10.0.0.72 with 24 bytes
2021-10-11 12:32:11,743 INFO     [modules.udp_manager       :send                      ] Send packet 2749 to 10.0.0.72 with 24 bytes
2021-10-11 12:32:19,745 INFO     [modules.udp_manager       :send                      ] Send packet 2750 to 10.0.0.72 with 24 bytes
2021-10-11 12:32:27,751 INFO     [modules.udp_manager       :send                      ] Send packet 2751 to 10.0.0.72 with 24 bytes
2021-10-11 12:32:35,742 INFO     [modules.udp_manager       :send                      ] Send packet 2752 to 10.0.0.72 with 24 bytes
2021-10-11 12:32:43,748 INFO     [modules.udp_manager       :send                      ] Send packet 2753 to 10.0.0.72 with 24 bytes
2021-10-11 12:32:51,747 INFO     [modules.udp_manager       :send                      ] Send packet 2754 to 10.0.0.72 with 24 bytes
2021-10-11 12:32:59,750 INFO     [modules.udp_manager       :send                      ] Send packet 2755 to 10.0.0.72 with 24 bytes
2021-10-11 12:33:07,746 INFO     [modules.udp_manager       :send                      ] Send packet 2756 to 10.0.0.72 with 24 bytes
2021-10-11 12:33:15,757 INFO     [modules.udp_manager       :send                      ] Send packet 2757 to 10.0.0.72 with 24 bytes
2021-10-11 12:33:23,753 INFO     [modules.udp_manager       :send                      ] Send packet 2758 to 10.0.0.72 with 24 bytes
2021-10-11 12:33:31,746 INFO     [modules.udp_manager       :send                      ] Send packet 2759 to 10.0.0.72 with 24 bytes
2021-10-11 12:33:39,742 INFO     [modules.udp_manager       :send                      ] Send packet 2760 to 10.0.0.72 with 24 bytes
2021-10-11 12:33:47,745 INFO     [modules.udp_manager       :send                      ] Send packet 2761 to 10.0.0.72 with 24 bytes
2021-10-11 12:33:55,747 INFO     [modules.udp_manager       :send                      ] Send packet 2762 to 10.0.0.72 with 24 bytes
2021-10-11 12:34:03,753 INFO     [modules.udp_manager       :send                      ] Send packet 2763 to 10.0.0.72 with 24 bytes
2021-10-11 12:34:11,757 INFO     [modules.udp_manager       :send                      ] Send packet 2764 to 10.0.0.72 with 24 bytes
2021-10-11 12:34:19,757 INFO     [modules.udp_manager       :send                      ] Send packet 2765 to 10.0.0.72 with 24 bytes
2021-10-11 12:34:27,751 INFO     [modules.udp_manager       :send                      ] Send packet 2766 to 10.0.0.72 with 24 bytes
2021-10-11 12:34:35,743 INFO     [modules.udp_manager       :send                      ] Send packet 2767 to 10.0.0.72 with 24 bytes
2021-10-11 12:34:43,749 INFO     [modules.udp_manager       :send                      ] Send packet 2768 to 10.0.0.72 with 24 bytes
2021-10-11 12:34:51,753 INFO     [modules.udp_manager       :send                      ] Send packet 2769 to 10.0.0.72 with 24 bytes
2021-10-11 12:34:59,751 INFO     [modules.udp_manager       :send                      ] Send packet 2770 to 10.0.0.72 with 24 bytes
2021-10-11 12:35:07,744 INFO     [modules.udp_manager       :send                      ] Send packet 2771 to 10.0.0.72 with 24 bytes
2021-10-11 12:35:15,754 INFO     [modules.udp_manager       :send                      ] Send packet 2772 to 10.0.0.72 with 24 bytes
2021-10-11 12:35:23,756 INFO     [modules.udp_manager       :send                      ] Send packet 2773 to 10.0.0.72 with 24 bytes
2021-10-11 12:35:31,746 INFO     [modules.udp_manager       :send                      ] Send packet 2774 to 10.0.0.72 with 24 bytes
2021-10-11 12:35:39,744 INFO     [modules.udp_manager       :send                      ] Send packet 2775 to 10.0.0.72 with 24 bytes
2021-10-11 12:35:47,756 INFO     [modules.udp_manager       :send                      ] Send packet 2776 to 10.0.0.72 with 24 bytes
2021-10-11 12:35:55,749 INFO     [modules.udp_manager       :send                      ] Send packet 2777 to 10.0.0.72 with 24 bytes
2021-10-11 12:36:03,757 INFO     [modules.udp_manager       :send                      ] Send packet 2778 to 10.0.0.72 with 24 bytes
2021-10-11 12:36:11,753 INFO     [modules.udp_manager       :send                      ] Send packet 2779 to 10.0.0.72 with 24 bytes
2021-10-11 12:36:19,742 INFO     [modules.udp_manager       :send                      ] Send packet 2780 to 10.0.0.72 with 24 bytes
2021-10-11 12:36:27,750 INFO     [modules.udp_manager       :send                      ] Send packet 2781 to 10.0.0.72 with 24 bytes
2021-10-11 12:36:35,753 INFO     [modules.udp_manager       :send                      ] Send packet 2782 to 10.0.0.72 with 24 bytes
2021-10-11 12:36:43,745 INFO     [modules.udp_manager       :send                      ] Send packet 2783 to 10.0.0.72 with 24 bytes
2021-10-11 12:36:51,744 INFO     [modules.udp_manager       :send                      ] Send packet 2784 to 10.0.0.72 with 24 bytes
2021-10-11 12:36:59,751 INFO     [modules.udp_manager       :send                      ] Send packet 2785 to 10.0.0.72 with 24 bytes
2021-10-11 12:37:07,746 INFO     [modules.udp_manager       :send                      ] Send packet 2786 to 10.0.0.72 with 24 bytes
2021-10-11 12:37:15,745 INFO     [modules.udp_manager       :send                      ] Send packet 2787 to 10.0.0.72 with 24 bytes
2021-10-11 12:37:23,751 INFO     [modules.udp_manager       :send                      ] Send packet 2788 to 10.0.0.72 with 24 bytes
2021-10-11 12:37:31,756 INFO     [modules.udp_manager       :send                      ] Send packet 2789 to 10.0.0.72 with 24 bytes
2021-10-11 12:37:39,748 INFO     [modules.udp_manager       :send                      ] Send packet 2790 to 10.0.0.72 with 24 bytes
2021-10-11 12:37:47,743 INFO     [modules.udp_manager       :send                      ] Send packet 2791 to 10.0.0.72 with 24 bytes
2021-10-11 12:37:55,744 INFO     [modules.udp_manager       :send                      ] Send packet 2792 to 10.0.0.72 with 24 bytes
2021-10-11 12:38:03,754 INFO     [modules.udp_manager       :send                      ] Send packet 2793 to 10.0.0.72 with 24 bytes
2021-10-11 12:38:11,746 INFO     [modules.udp_manager       :send                      ] Send packet 2794 to 10.0.0.72 with 24 bytes
2021-10-11 12:38:19,754 INFO     [modules.udp_manager       :send                      ] Send packet 2795 to 10.0.0.72 with 24 bytes
2021-10-11 12:38:27,750 INFO     [modules.udp_manager       :send                      ] Send packet 2796 to 10.0.0.72 with 24 bytes
2021-10-11 12:38:35,746 INFO     [modules.udp_manager       :send                      ] Send packet 2797 to 10.0.0.72 with 24 bytes
2021-10-11 12:38:43,755 INFO     [modules.udp_manager       :send                      ] Send packet 2798 to 10.0.0.72 with 24 bytes
2021-10-11 12:38:51,747 INFO     [modules.udp_manager       :send                      ] Send packet 2799 to 10.0.0.72 with 24 bytes
2021-10-11 12:38:59,746 INFO     [modules.udp_manager       :send                      ] Send packet 2800 to 10.0.0.72 with 24 bytes
2021-10-11 12:39:07,750 INFO     [modules.udp_manager       :send                      ] Send packet 2801 to 10.0.0.72 with 24 bytes
2021-10-11 12:39:15,746 INFO     [modules.udp_manager       :send                      ] Send packet 2802 to 10.0.0.72 with 24 bytes
2021-10-11 12:39:23,744 INFO     [modules.udp_manager       :send                      ] Send packet 2803 to 10.0.0.72 with 24 bytes
2021-10-11 12:39:31,743 INFO     [modules.udp_manager       :send                      ] Send packet 2804 to 10.0.0.72 with 24 bytes
2021-10-11 12:39:39,744 INFO     [modules.udp_manager       :send                      ] Send packet 2805 to 10.0.0.72 with 24 bytes
2021-10-11 12:39:47,744 INFO     [modules.udp_manager       :send                      ] Send packet 2806 to 10.0.0.72 with 24 bytes
2021-10-11 12:39:55,750 INFO     [modules.udp_manager       :send                      ] Send packet 2807 to 10.0.0.72 with 24 bytes
2021-10-11 12:40:03,753 INFO     [modules.udp_manager       :send                      ] Send packet 2808 to 10.0.0.72 with 24 bytes
2021-10-11 12:40:11,744 INFO     [modules.udp_manager       :send                      ] Send packet 2809 to 10.0.0.72 with 24 bytes
2021-10-11 12:40:19,752 INFO     [modules.udp_manager       :send                      ] Send packet 2810 to 10.0.0.72 with 24 bytes
2021-10-11 12:40:27,750 INFO     [modules.udp_manager       :send                      ] Send packet 2811 to 10.0.0.72 with 24 bytes
2021-10-11 12:40:35,746 INFO     [modules.udp_manager       :send                      ] Send packet 2812 to 10.0.0.72 with 24 bytes
2021-10-11 12:40:43,752 INFO     [modules.udp_manager       :send                      ] Send packet 2813 to 10.0.0.72 with 24 bytes
2021-10-11 12:40:51,752 INFO     [modules.udp_manager       :send                      ] Send packet 2814 to 10.0.0.72 with 24 bytes
2021-10-11 12:40:59,751 INFO     [modules.udp_manager       :send                      ] Send packet 2815 to 10.0.0.72 with 24 bytes
2021-10-11 12:41:07,744 INFO     [modules.udp_manager       :send                      ] Send packet 2816 to 10.0.0.72 with 24 bytes
2021-10-11 12:41:15,749 INFO     [modules.udp_manager       :send                      ] Send packet 2817 to 10.0.0.72 with 24 bytes
2021-10-11 12:41:23,746 INFO     [modules.udp_manager       :send                      ] Send packet 2818 to 10.0.0.72 with 24 bytes
2021-10-11 12:41:31,743 INFO     [modules.udp_manager       :send                      ] Send packet 2819 to 10.0.0.72 with 24 bytes
2021-10-11 12:41:39,756 INFO     [modules.udp_manager       :send                      ] Send packet 2820 to 10.0.0.72 with 24 bytes
2021-10-11 12:41:47,748 INFO     [modules.udp_manager       :send                      ] Send packet 2821 to 10.0.0.72 with 24 bytes
2021-10-11 12:41:55,746 INFO     [modules.udp_manager       :send                      ] Send packet 2822 to 10.0.0.72 with 24 bytes
2021-10-11 12:42:03,756 INFO     [modules.udp_manager       :send                      ] Send packet 2823 to 10.0.0.72 with 24 bytes
2021-10-11 12:42:11,751 INFO     [modules.udp_manager       :send                      ] Send packet 2824 to 10.0.0.72 with 24 bytes
2021-10-11 12:42:19,750 INFO     [modules.udp_manager       :send                      ] Send packet 2825 to 10.0.0.72 with 24 bytes
2021-10-11 12:42:27,750 INFO     [modules.udp_manager       :send                      ] Send packet 2826 to 10.0.0.72 with 24 bytes
2021-10-11 12:42:35,747 INFO     [modules.udp_manager       :send                      ] Send packet 2827 to 10.0.0.72 with 24 bytes
2021-10-11 12:42:43,748 INFO     [modules.udp_manager       :send                      ] Send packet 2828 to 10.0.0.72 with 24 bytes
2021-10-11 12:42:51,750 INFO     [modules.udp_manager       :send                      ] Send packet 2829 to 10.0.0.72 with 24 bytes
2021-10-11 12:42:59,753 INFO     [modules.udp_manager       :send                      ] Send packet 2830 to 10.0.0.72 with 24 bytes
2021-10-11 12:43:07,749 INFO     [modules.udp_manager       :send                      ] Send packet 2831 to 10.0.0.72 with 24 bytes
2021-10-11 12:43:15,754 INFO     [modules.udp_manager       :send                      ] Send packet 2832 to 10.0.0.72 with 24 bytes
2021-10-11 12:43:23,750 INFO     [modules.udp_manager       :send                      ] Send packet 2833 to 10.0.0.72 with 24 bytes
2021-10-11 12:43:31,757 INFO     [modules.udp_manager       :send                      ] Send packet 2834 to 10.0.0.72 with 24 bytes
2021-10-11 12:43:39,743 INFO     [modules.udp_manager       :send                      ] Send packet 2835 to 10.0.0.72 with 24 bytes
2021-10-11 12:43:47,747 INFO     [modules.udp_manager       :send                      ] Send packet 2836 to 10.0.0.72 with 24 bytes
2021-10-11 12:43:55,756 INFO     [modules.udp_manager       :send                      ] Send packet 2837 to 10.0.0.72 with 24 bytes
2021-10-11 12:44:03,752 INFO     [modules.udp_manager       :send                      ] Send packet 2838 to 10.0.0.72 with 24 bytes
2021-10-11 12:44:11,751 INFO     [modules.udp_manager       :send                      ] Send packet 2839 to 10.0.0.72 with 24 bytes
2021-10-11 12:44:19,748 INFO     [modules.udp_manager       :send                      ] Send packet 2840 to 10.0.0.72 with 24 bytes
2021-10-11 12:44:27,749 INFO     [modules.udp_manager       :send                      ] Send packet 2841 to 10.0.0.72 with 24 bytes
2021-10-11 12:44:35,747 INFO     [modules.udp_manager       :send                      ] Send packet 2842 to 10.0.0.72 with 24 bytes
2021-10-11 12:44:43,754 INFO     [modules.udp_manager       :send                      ] Send packet 2843 to 10.0.0.72 with 24 bytes
2021-10-11 12:44:51,752 INFO     [modules.udp_manager       :send                      ] Send packet 2844 to 10.0.0.72 with 24 bytes
2021-10-11 12:44:59,742 INFO     [modules.udp_manager       :send                      ] Send packet 2845 to 10.0.0.72 with 24 bytes
2021-10-11 12:45:07,742 INFO     [modules.udp_manager       :send                      ] Send packet 2846 to 10.0.0.72 with 24 bytes
2021-10-11 12:45:15,749 INFO     [modules.udp_manager       :send                      ] Send packet 2847 to 10.0.0.72 with 24 bytes
2021-10-11 12:45:23,746 INFO     [modules.udp_manager       :send                      ] Send packet 2848 to 10.0.0.72 with 24 bytes
2021-10-11 12:45:31,746 INFO     [modules.udp_manager       :send                      ] Send packet 2849 to 10.0.0.72 with 24 bytes
2021-10-11 12:45:39,752 INFO     [modules.udp_manager       :send                      ] Send packet 2850 to 10.0.0.72 with 24 bytes
2021-10-11 12:45:47,746 INFO     [modules.udp_manager       :send                      ] Send packet 2851 to 10.0.0.72 with 24 bytes
2021-10-11 12:45:55,752 INFO     [modules.udp_manager       :send                      ] Send packet 2852 to 10.0.0.72 with 24 bytes
2021-10-11 12:46:03,745 INFO     [modules.udp_manager       :send                      ] Send packet 2853 to 10.0.0.72 with 24 bytes
2021-10-11 12:46:11,757 INFO     [modules.udp_manager       :send                      ] Send packet 2854 to 10.0.0.72 with 24 bytes
2021-10-11 12:46:19,754 INFO     [modules.udp_manager       :send                      ] Send packet 2855 to 10.0.0.72 with 24 bytes
2021-10-11 12:46:27,743 INFO     [modules.udp_manager       :send                      ] Send packet 2856 to 10.0.0.72 with 24 bytes
2021-10-11 12:46:35,753 INFO     [modules.udp_manager       :send                      ] Send packet 2857 to 10.0.0.72 with 24 bytes
2021-10-11 12:46:43,748 INFO     [modules.udp_manager       :send                      ] Send packet 2858 to 10.0.0.72 with 24 bytes
2021-10-11 12:46:51,751 INFO     [modules.udp_manager       :send                      ] Send packet 2859 to 10.0.0.72 with 24 bytes
2021-10-11 12:46:59,752 INFO     [modules.udp_manager       :send                      ] Send packet 2860 to 10.0.0.72 with 24 bytes
2021-10-11 12:47:07,754 INFO     [modules.udp_manager       :send                      ] Send packet 2861 to 10.0.0.72 with 24 bytes
2021-10-11 12:47:15,745 INFO     [modules.udp_manager       :send                      ] Send packet 2862 to 10.0.0.72 with 24 bytes
2021-10-11 12:47:23,745 INFO     [modules.udp_manager       :send                      ] Send packet 2863 to 10.0.0.72 with 24 bytes
2021-10-11 12:47:31,748 INFO     [modules.udp_manager       :send                      ] Send packet 2864 to 10.0.0.72 with 24 bytes
2021-10-11 12:47:39,751 INFO     [modules.udp_manager       :send                      ] Send packet 2865 to 10.0.0.72 with 24 bytes
2021-10-11 12:47:47,747 INFO     [modules.udp_manager       :send                      ] Send packet 2866 to 10.0.0.72 with 24 bytes
2021-10-11 12:47:55,752 INFO     [modules.udp_manager       :send                      ] Send packet 2867 to 10.0.0.72 with 24 bytes
2021-10-11 12:48:03,745 INFO     [modules.udp_manager       :send                      ] Send packet 2868 to 10.0.0.72 with 24 bytes
2021-10-11 12:48:11,756 INFO     [modules.udp_manager       :send                      ] Send packet 2869 to 10.0.0.72 with 24 bytes
2021-10-11 12:48:19,745 INFO     [modules.udp_manager       :send                      ] Send packet 2870 to 10.0.0.72 with 24 bytes
2021-10-11 12:48:27,747 INFO     [modules.udp_manager       :send                      ] Send packet 2871 to 10.0.0.72 with 24 bytes
2021-10-11 12:48:35,753 INFO     [modules.udp_manager       :send                      ] Send packet 2872 to 10.0.0.72 with 24 bytes
2021-10-11 12:48:43,755 INFO     [modules.udp_manager       :send                      ] Send packet 2873 to 10.0.0.72 with 24 bytes
2021-10-11 12:48:51,748 INFO     [modules.udp_manager       :send                      ] Send packet 2874 to 10.0.0.72 with 24 bytes
2021-10-11 12:48:59,750 INFO     [modules.udp_manager       :send                      ] Send packet 2875 to 10.0.0.72 with 24 bytes
2021-10-11 12:49:07,742 INFO     [modules.udp_manager       :send                      ] Send packet 2876 to 10.0.0.72 with 24 bytes
2021-10-11 12:49:15,750 INFO     [modules.udp_manager       :send                      ] Send packet 2877 to 10.0.0.72 with 24 bytes
2021-10-11 12:49:23,752 INFO     [modules.udp_manager       :send                      ] Send packet 2878 to 10.0.0.72 with 24 bytes
2021-10-11 12:49:31,747 INFO     [modules.udp_manager       :send                      ] Send packet 2879 to 10.0.0.72 with 24 bytes
2021-10-11 12:49:39,756 INFO     [modules.udp_manager       :send                      ] Send packet 2880 to 10.0.0.72 with 24 bytes
2021-10-11 12:49:47,754 INFO     [modules.udp_manager       :send                      ] Send packet 2881 to 10.0.0.72 with 24 bytes
2021-10-11 12:49:55,756 INFO     [modules.udp_manager       :send                      ] Send packet 2882 to 10.0.0.72 with 24 bytes
2021-10-11 12:50:03,749 INFO     [modules.udp_manager       :send                      ] Send packet 2883 to 10.0.0.72 with 24 bytes
2021-10-11 12:50:11,752 INFO     [modules.udp_manager       :send                      ] Send packet 2884 to 10.0.0.72 with 24 bytes
2021-10-11 12:50:19,743 INFO     [modules.udp_manager       :send                      ] Send packet 2885 to 10.0.0.72 with 24 bytes
2021-10-11 12:50:27,756 INFO     [modules.udp_manager       :send                      ] Send packet 2886 to 10.0.0.72 with 24 bytes
2021-10-11 12:50:35,755 INFO     [modules.udp_manager       :send                      ] Send packet 2887 to 10.0.0.72 with 24 bytes
2021-10-11 12:50:43,745 INFO     [modules.udp_manager       :send                      ] Send packet 2888 to 10.0.0.72 with 24 bytes
2021-10-11 12:50:51,743 INFO     [modules.udp_manager       :send                      ] Send packet 2889 to 10.0.0.72 with 24 bytes
2021-10-11 12:50:59,752 INFO     [modules.udp_manager       :send                      ] Send packet 2890 to 10.0.0.72 with 24 bytes
2021-10-11 12:51:07,755 INFO     [modules.udp_manager       :send                      ] Send packet 2891 to 10.0.0.72 with 24 bytes
2021-10-11 12:51:15,750 INFO     [modules.udp_manager       :send                      ] Send packet 2892 to 10.0.0.72 with 24 bytes
2021-10-11 12:51:23,754 INFO     [modules.udp_manager       :send                      ] Send packet 2893 to 10.0.0.72 with 24 bytes
2021-10-11 12:51:31,747 INFO     [modules.udp_manager       :send                      ] Send packet 2894 to 10.0.0.72 with 24 bytes
2021-10-11 12:51:39,757 INFO     [modules.udp_manager       :send                      ] Send packet 2895 to 10.0.0.72 with 24 bytes
2021-10-11 12:51:47,742 INFO     [modules.udp_manager       :send                      ] Send packet 2896 to 10.0.0.72 with 24 bytes
2021-10-11 12:51:55,755 INFO     [modules.udp_manager       :send                      ] Send packet 2897 to 10.0.0.72 with 24 bytes
2021-10-11 12:52:03,751 INFO     [modules.udp_manager       :send                      ] Send packet 2898 to 10.0.0.72 with 24 bytes
2021-10-11 12:52:11,750 INFO     [modules.udp_manager       :send                      ] Send packet 2899 to 10.0.0.72 with 24 bytes
2021-10-11 12:52:19,743 INFO     [modules.udp_manager       :send                      ] Send packet 2900 to 10.0.0.72 with 24 bytes
2021-10-11 12:52:27,743 INFO     [modules.udp_manager       :send                      ] Send packet 2901 to 10.0.0.72 with 24 bytes
2021-10-11 12:52:35,742 INFO     [modules.udp_manager       :send                      ] Send packet 2902 to 10.0.0.72 with 24 bytes
2021-10-11 12:52:43,746 INFO     [modules.udp_manager       :send                      ] Send packet 2903 to 10.0.0.72 with 24 bytes
2021-10-11 12:52:51,755 INFO     [modules.udp_manager       :send                      ] Send packet 2904 to 10.0.0.72 with 24 bytes
2021-10-11 12:52:59,753 INFO     [modules.udp_manager       :send                      ] Send packet 2905 to 10.0.0.72 with 24 bytes
2021-10-11 12:53:07,751 INFO     [modules.udp_manager       :send                      ] Send packet 2906 to 10.0.0.72 with 24 bytes
2021-10-11 12:53:15,742 INFO     [modules.udp_manager       :send                      ] Send packet 2907 to 10.0.0.72 with 24 bytes
2021-10-11 12:53:23,744 INFO     [modules.udp_manager       :send                      ] Send packet 2908 to 10.0.0.72 with 24 bytes
2021-10-11 12:53:31,749 INFO     [modules.udp_manager       :send                      ] Send packet 2909 to 10.0.0.72 with 24 bytes
2021-10-11 12:53:39,751 INFO     [modules.udp_manager       :send                      ] Send packet 2910 to 10.0.0.72 with 24 bytes
2021-10-11 12:53:47,743 INFO     [modules.udp_manager       :send                      ] Send packet 2911 to 10.0.0.72 with 24 bytes
2021-10-11 12:53:55,745 INFO     [modules.udp_manager       :send                      ] Send packet 2912 to 10.0.0.72 with 24 bytes
2021-10-11 12:54:03,746 INFO     [modules.udp_manager       :send                      ] Send packet 2913 to 10.0.0.72 with 24 bytes
2021-10-11 12:54:11,756 INFO     [modules.udp_manager       :send                      ] Send packet 2914 to 10.0.0.72 with 24 bytes
2021-10-11 12:54:19,757 INFO     [modules.udp_manager       :send                      ] Send packet 2915 to 10.0.0.72 with 24 bytes
2021-10-11 12:54:27,746 INFO     [modules.udp_manager       :send                      ] Send packet 2916 to 10.0.0.72 with 24 bytes
2021-10-11 12:54:35,749 INFO     [modules.udp_manager       :send                      ] Send packet 2917 to 10.0.0.72 with 24 bytes
2021-10-11 12:54:43,743 INFO     [modules.udp_manager       :send                      ] Send packet 2918 to 10.0.0.72 with 24 bytes
2021-10-11 12:54:51,755 INFO     [modules.udp_manager       :send                      ] Send packet 2919 to 10.0.0.72 with 24 bytes
2021-10-11 12:54:59,742 INFO     [modules.udp_manager       :send                      ] Send packet 2920 to 10.0.0.72 with 24 bytes
2021-10-11 12:55:07,754 INFO     [modules.udp_manager       :send                      ] Send packet 2921 to 10.0.0.72 with 24 bytes
2021-10-11 12:55:15,753 INFO     [modules.udp_manager       :send                      ] Send packet 2922 to 10.0.0.72 with 24 bytes
2021-10-11 12:55:23,756 INFO     [modules.udp_manager       :send                      ] Send packet 2923 to 10.0.0.72 with 24 bytes
2021-10-11 12:55:31,744 INFO     [modules.udp_manager       :send                      ] Send packet 2924 to 10.0.0.72 with 24 bytes
2021-10-11 12:55:39,751 INFO     [modules.udp_manager       :send                      ] Send packet 2925 to 10.0.0.72 with 24 bytes
2021-10-11 12:55:47,744 INFO     [modules.udp_manager       :send                      ] Send packet 2926 to 10.0.0.72 with 24 bytes
2021-10-11 12:55:55,743 INFO     [modules.udp_manager       :send                      ] Send packet 2927 to 10.0.0.72 with 24 bytes
2021-10-11 12:56:03,753 INFO     [modules.udp_manager       :send                      ] Send packet 2928 to 10.0.0.72 with 24 bytes
2021-10-11 12:56:11,753 INFO     [modules.udp_manager       :send                      ] Send packet 2929 to 10.0.0.72 with 24 bytes
2021-10-11 12:56:19,755 INFO     [modules.udp_manager       :send                      ] Send packet 2930 to 10.0.0.72 with 24 bytes
2021-10-11 12:56:27,746 INFO     [modules.udp_manager       :send                      ] Send packet 2931 to 10.0.0.72 with 24 bytes
2021-10-11 12:56:35,755 INFO     [modules.udp_manager       :send                      ] Send packet 2932 to 10.0.0.72 with 24 bytes
2021-10-11 12:56:43,754 INFO     [modules.udp_manager       :send                      ] Send packet 2933 to 10.0.0.72 with 24 bytes
2021-10-11 12:56:51,749 INFO     [modules.udp_manager       :send                      ] Send packet 2934 to 10.0.0.72 with 24 bytes
2021-10-11 12:56:59,745 INFO     [modules.udp_manager       :send                      ] Send packet 2935 to 10.0.0.72 with 24 bytes
2021-10-11 12:57:07,747 INFO     [modules.udp_manager       :send                      ] Send packet 2936 to 10.0.0.72 with 24 bytes
2021-10-11 12:57:15,755 INFO     [modules.udp_manager       :send                      ] Send packet 2937 to 10.0.0.72 with 24 bytes
2021-10-11 12:57:23,753 INFO     [modules.udp_manager       :send                      ] Send packet 2938 to 10.0.0.72 with 24 bytes
2021-10-11 12:57:31,745 INFO     [modules.udp_manager       :send                      ] Send packet 2939 to 10.0.0.72 with 24 bytes
2021-10-11 12:57:39,751 INFO     [modules.udp_manager       :send                      ] Send packet 2940 to 10.0.0.72 with 24 bytes
2021-10-11 12:57:47,753 INFO     [modules.udp_manager       :send                      ] Send packet 2941 to 10.0.0.72 with 24 bytes
2021-10-11 12:57:55,748 INFO     [modules.udp_manager       :send                      ] Send packet 2942 to 10.0.0.72 with 24 bytes
2021-10-11 12:58:03,750 INFO     [modules.udp_manager       :send                      ] Send packet 2943 to 10.0.0.72 with 24 bytes
2021-10-11 12:58:11,751 INFO     [modules.udp_manager       :send                      ] Send packet 2944 to 10.0.0.72 with 24 bytes
2021-10-11 12:58:19,748 INFO     [modules.udp_manager       :send                      ] Send packet 2945 to 10.0.0.72 with 24 bytes
2021-10-11 12:58:27,742 INFO     [modules.udp_manager       :send                      ] Send packet 2946 to 10.0.0.72 with 24 bytes
2021-10-11 12:58:35,744 INFO     [modules.udp_manager       :send                      ] Send packet 2947 to 10.0.0.72 with 24 bytes
2021-10-11 12:58:43,756 INFO     [modules.udp_manager       :send                      ] Send packet 2948 to 10.0.0.72 with 24 bytes
2021-10-11 12:58:51,746 INFO     [modules.udp_manager       :send                      ] Send packet 2949 to 10.0.0.72 with 24 bytes
2021-10-11 12:58:59,754 INFO     [modules.udp_manager       :send                      ] Send packet 2950 to 10.0.0.72 with 24 bytes
2021-10-11 12:59:07,753 INFO     [modules.udp_manager       :send                      ] Send packet 2951 to 10.0.0.72 with 24 bytes
2021-10-11 12:59:15,749 INFO     [modules.udp_manager       :send                      ] Send packet 2952 to 10.0.0.72 with 24 bytes
2021-10-11 12:59:23,748 INFO     [modules.udp_manager       :send                      ] Send packet 2953 to 10.0.0.72 with 24 bytes
2021-10-11 12:59:31,745 INFO     [modules.udp_manager       :send                      ] Send packet 2954 to 10.0.0.72 with 24 bytes
2021-10-11 12:59:39,749 INFO     [modules.udp_manager       :send                      ] Send packet 2955 to 10.0.0.72 with 24 bytes
2021-10-11 12:59:47,743 INFO     [modules.udp_manager       :send                      ] Send packet 2956 to 10.0.0.72 with 24 bytes
2021-10-11 12:59:55,745 INFO     [modules.udp_manager       :send                      ] Send packet 2957 to 10.0.0.72 with 24 bytes
2021-10-11 13:00:03,745 INFO     [modules.udp_manager       :send                      ] Send packet 2958 to 10.0.0.72 with 24 bytes
2021-10-11 13:00:11,755 INFO     [modules.udp_manager       :send                      ] Send packet 2959 to 10.0.0.72 with 24 bytes
2021-10-11 13:00:19,750 INFO     [modules.udp_manager       :send                      ] Send packet 2960 to 10.0.0.72 with 24 bytes
2021-10-11 13:00:27,748 INFO     [modules.udp_manager       :send                      ] Send packet 2961 to 10.0.0.72 with 24 bytes
2021-10-11 13:00:35,742 INFO     [modules.udp_manager       :send                      ] Send packet 2962 to 10.0.0.72 with 24 bytes
2021-10-11 13:00:43,742 INFO     [modules.udp_manager       :send                      ] Send packet 2963 to 10.0.0.72 with 24 bytes
2021-10-11 13:00:51,745 INFO     [modules.udp_manager       :send                      ] Send packet 2964 to 10.0.0.72 with 24 bytes
2021-10-11 13:00:59,747 INFO     [modules.udp_manager       :send                      ] Send packet 2965 to 10.0.0.72 with 24 bytes
2021-10-11 13:01:07,746 INFO     [modules.udp_manager       :send                      ] Send packet 2966 to 10.0.0.72 with 24 bytes
2021-10-11 13:01:15,748 INFO     [modules.udp_manager       :send                      ] Send packet 2967 to 10.0.0.72 with 24 bytes
2021-10-11 13:01:23,754 INFO     [modules.udp_manager       :send                      ] Send packet 2968 to 10.0.0.72 with 24 bytes
2021-10-11 13:01:31,747 INFO     [modules.udp_manager       :send                      ] Send packet 2969 to 10.0.0.72 with 24 bytes
2021-10-11 13:01:39,752 INFO     [modules.udp_manager       :send                      ] Send packet 2970 to 10.0.0.72 with 24 bytes
2021-10-11 13:01:47,756 INFO     [modules.udp_manager       :send                      ] Send packet 2971 to 10.0.0.72 with 24 bytes
2021-10-11 13:01:55,752 INFO     [modules.udp_manager       :send                      ] Send packet 2972 to 10.0.0.72 with 24 bytes
2021-10-11 13:02:03,755 INFO     [modules.udp_manager       :send                      ] Send packet 2973 to 10.0.0.72 with 24 bytes
2021-10-11 13:02:11,742 INFO     [modules.udp_manager       :send                      ] Send packet 2974 to 10.0.0.72 with 24 bytes
2021-10-11 13:02:19,743 INFO     [modules.udp_manager       :send                      ] Send packet 2975 to 10.0.0.72 with 24 bytes
2021-10-11 13:02:27,743 INFO     [modules.udp_manager       :send                      ] Send packet 2976 to 10.0.0.72 with 24 bytes
2021-10-11 13:02:35,752 INFO     [modules.udp_manager       :send                      ] Send packet 2977 to 10.0.0.72 with 24 bytes
2021-10-11 13:02:43,748 INFO     [modules.udp_manager       :send                      ] Send packet 2978 to 10.0.0.72 with 24 bytes
2021-10-11 13:02:51,756 INFO     [modules.udp_manager       :send                      ] Send packet 2979 to 10.0.0.72 with 24 bytes
2021-10-11 13:02:59,751 INFO     [modules.udp_manager       :send                      ] Send packet 2980 to 10.0.0.72 with 24 bytes
2021-10-11 13:03:07,747 INFO     [modules.udp_manager       :send                      ] Send packet 2981 to 10.0.0.72 with 24 bytes
2021-10-11 13:03:15,756 INFO     [modules.udp_manager       :send                      ] Send packet 2982 to 10.0.0.72 with 24 bytes
2021-10-11 13:03:23,752 INFO     [modules.udp_manager       :send                      ] Send packet 2983 to 10.0.0.72 with 24 bytes
2021-10-11 13:03:31,744 INFO     [modules.udp_manager       :send                      ] Send packet 2984 to 10.0.0.72 with 24 bytes
2021-10-11 13:03:39,747 INFO     [modules.udp_manager       :send                      ] Send packet 2985 to 10.0.0.72 with 24 bytes
2021-10-11 13:03:47,750 INFO     [modules.udp_manager       :send                      ] Send packet 2986 to 10.0.0.72 with 24 bytes
2021-10-11 13:03:55,749 INFO     [modules.udp_manager       :send                      ] Send packet 2987 to 10.0.0.72 with 24 bytes
2021-10-11 13:04:03,749 INFO     [modules.udp_manager       :send                      ] Send packet 2988 to 10.0.0.72 with 24 bytes
2021-10-11 13:04:11,756 INFO     [modules.udp_manager       :send                      ] Send packet 2989 to 10.0.0.72 with 24 bytes
2021-10-11 13:04:19,752 INFO     [modules.udp_manager       :send                      ] Send packet 2990 to 10.0.0.72 with 24 bytes
2021-10-11 13:04:27,753 INFO     [modules.udp_manager       :send                      ] Send packet 2991 to 10.0.0.72 with 24 bytes
2021-10-11 15:22:19,412 INFO     [app                       :<module>                  ] STARTED APP SERVER
2021-10-11 15:22:19,414 NOTICE   [app                       :<module>                  ] Parsed Args: Namespace(background_disabled=False, background_interval=5, controller_config='config/controllers.yaml', flask_debug=False, flask_nostart=False, logging_backup_count=3, logging_dont_save=False, logging_max_bytes_per_file=4000000, ping_controllers=True, ping_interval=5, port=5000)
2021-10-11 15:22:19,459 NOTICE   [app                       :<module>                  ] Presets Config: {'colors': {'black': {'value': [0, 0, 0], 'tile': True}, 'red': {'value': [255, 0, 0], 'tile': True}, 'green': {'value': [0, 255, 0], 'tile': True}, 'blue': {'value': [0, 0, 255], 'tile': True}, 'yellow': {'value': [255, 255, 0], 'tile': True}, 'cyan': {'value': [0, 255, 255], 'tile': True}, 'magenta': {'value': [255, 0, 255], 'tile': True}, 'white': {'value': [255, 255, 255], 'tile': True}, 'orange': {'value': [255, 55, 0], 'tile': True}, 'purple': {'value': [55, 0, 225], 'tile': True}, 'turquoise': {'value': [0, 255, 55], 'tile': True}, 'pink': {'value': [255, 0, 55], 'tile': True}}, 'animation_args': {'frame_ms': {'type': 'int', 'min': 1, 'max': 60000}, 'frame_multiplier': {'type': 'int', 'min': 1, 'max': 25}, 'animation': {'type': 'animation'}, 'colors': {'type': 'list', 'min': -1, 'max': 16777215, 'max_size': 100}, 'color': {'type': 'color', 'min': -1, 'max': 16777215}, 'background_color': {'type': 'color', 'min': -1, 'max': 16777215}, 'length': {'type': 'int', 'min': 0, 'max': 100}, 'spacing': {'type': 'int', 'min': 0, 'max': 100}, 'steps': {'type': 'int', 'min': 0, 'max': 100}, 'reverse': {'type': 'bool'}, 'reverse2': {'type': 'bool'}}, 'animations': {'Color': {'color': 'random', 'frame_ms': 50, 'frame_multiplier': 1, 'web_options': {'tile': True, 'tile_name': 'Random Color', 'large_tile': False}}, 'Wipe': {'color': 'random', 'background_color': 'none', 'reverse': False, 'frame_ms': 25, 'frame_multiplier': 2, 'web_options': {'tile': True}}, 'Pulse': {'colors': 'red, cyan, green, magenta, blue, yellow', 'background_color': 'none', 'length': 5, 'spacing': 5, 'reverse': False, 'frame_ms': 40, 'frame_multiplier': 1, 'web_options': {'tile': True}}, 'Rainbow': {'reverse': False, 'frame_ms': 50, 'frame_multiplier': 2, 'web_options': {'tile': True}}, 'Cycle': {'colors': 'red, green, blue, red', 'steps': 50, 'frame_ms': 40, 'frame_multiplier': 1, 'web_options': {'tile': True}}, 'RandomCycle': {'frame_ms': 200, 'frame_multiplier': 1, 'web_options': {'tile': True}}, 'Reverser': {'reverse': True, 'reverse2': False, 'web_options': {'tile': True}}}, 'web_options': {'brightness': 100, 'frame_ms': 20, 'frame_multiplier': 1}}
2021-10-11 15:22:19,460 NOTICE   [app                       :<module>                  ] Controllers Config: {'groups': {'a': ['test']}, 'controllers': {'test': {'ip': '10.0.0.72', 'num_leds': 60, 'init_brightness': 100, 'grb': False, 'start_enabled': True, 'active': True}}}
2021-10-11 15:22:19,477 INFO     [modules.udp_manager       :send                      ] Send packet 1 to 10.0.0.72 with 31 bytes
2021-10-11 15:22:19,488 INFO     [modules.udp_manager       :send                      ] Send packet 2 to 10.0.0.72 with 23 bytes
2021-10-11 15:22:20,313 NOTICE   [app                       :beforeRequest             ] [127.0.0.1] GET - /
2021-10-11 15:22:20,386 SUCCESS  [app                       :afterRequest              ] [127.0.0.1] GET - / -> 200 text/html; charset=utf-8
2021-10-11 15:22:20,493 NOTICE   [app                       :beforeRequest             ] [127.0.0.1] GET - /static/css/main.css
2021-10-11 15:22:20,505 ERROR    [app                       :afterRequest              ] [127.0.0.1] GET - /static/css/main.css -> 304 text/css; charset=utf-8
2021-10-11 15:22:20,780 NOTICE   [app                       :beforeRequest             ] [127.0.0.1] GET - /static/css/mobile.css
2021-10-11 15:22:20,781 NOTICE   [app                       :beforeRequest             ] [127.0.0.1] GET - /static/css/mobile-expand.css
2021-10-11 15:22:20,781 NOTICE   [app                       :beforeRequest             ] [127.0.0.1] GET - /static/css/mobile-colors.css
2021-10-11 15:22:20,782 NOTICE   [app                       :beforeRequest             ] [127.0.0.1] GET - /static/css/mobile-brightness.css
2021-10-11 15:22:20,783 NOTICE   [app                       :beforeRequest             ] [127.0.0.1] GET - /static/css/mobile-animations.css
2021-10-11 15:22:20,787 ERROR    [app                       :afterRequest              ] [127.0.0.1] GET - /static/css/mobile.css -> 304 text/css; charset=utf-8
2021-10-11 15:22:20,791 ERROR    [app                       :afterRequest              ] [127.0.0.1] GET - /static/css/mobile-expand.css -> 304 text/css; charset=utf-8
2021-10-11 15:22:20,793 ERROR    [app                       :afterRequest              ] [127.0.0.1] GET - /static/css/mobile-brightness.css -> 304 text/css; charset=utf-8
2021-10-11 15:22:20,794 ERROR    [app                       :afterRequest              ] [127.0.0.1] GET - /static/css/mobile-colors.css -> 304 text/css; charset=utf-8
2021-10-11 15:22:20,797 ERROR    [app                       :afterRequest              ] [127.0.0.1] GET - /static/css/mobile-animations.css -> 304 text/css; charset=utf-8
2021-10-11 15:22:20,839 NOTICE   [app                       :beforeRequest             ] [127.0.0.1] GET - /static/css/mobile-controllers.css
2021-10-11 15:22:20,846 ERROR    [app                       :afterRequest              ] [127.0.0.1] GET - /static/css/mobile-controllers.css -> 304 text/css; charset=utf-8
2021-10-11 15:22:21,118 NOTICE   [app                       :beforeRequest             ] [127.0.0.1] GET - /static/icons/right_arrow.png
2021-10-11 15:22:21,119 NOTICE   [app                       :beforeRequest             ] [127.0.0.1] GET - /static/js/pwa.js
2021-10-11 15:22:21,141 ERROR    [app                       :afterRequest              ] [127.0.0.1] GET - /static/icons/right_arrow.png -> 304 image/png
2021-10-11 15:22:21,149 NOTICE   [app                       :beforeRequest             ] [127.0.0.1] GET - /static/js/helpers.js
2021-10-11 15:22:21,151 ERROR    [app                       :afterRequest              ] [127.0.0.1] GET - /static/js/pwa.js -> 304 application/javascript; charset=utf-8
2021-10-11 15:22:21,158 NOTICE   [app                       :beforeRequest             ] [127.0.0.1] GET - /static/js/buffered_call.js
2021-10-11 15:22:21,160 NOTICE   [app                       :beforeRequest             ] [127.0.0.1] GET - /static/js/main.js
2021-10-11 15:22:21,195 NOTICE   [app                       :beforeRequest             ] [127.0.0.1] GET - /static/js/tiles.js
2021-10-11 15:22:21,197 ERROR    [app                       :afterRequest              ] [127.0.0.1] GET - /static/js/buffered_call.js -> 304 application/javascript; charset=utf-8
2021-10-11 15:22:21,198 ERROR    [app                       :afterRequest              ] [127.0.0.1] GET - /static/js/helpers.js -> 304 application/javascript; charset=utf-8
2021-10-11 15:22:21,204 ERROR    [app                       :afterRequest              ] [127.0.0.1] GET - /static/js/main.js -> 304 application/javascript; charset=utf-8
2021-10-11 15:22:21,240 ERROR    [app                       :afterRequest              ] [127.0.0.1] GET - /static/js/tiles.js -> 304 application/javascript; charset=utf-8
2021-10-11 15:22:21,448 NOTICE   [app                       :beforeRequest             ] [127.0.0.1] GET - /static/js/colors.js
2021-10-11 15:22:21,472 NOTICE   [app                       :beforeRequest             ] [127.0.0.1] GET - /static/js/brightness.js
2021-10-11 15:22:21,475 ERROR    [app                       :afterRequest              ] [127.0.0.1] GET - /static/js/colors.js -> 304 application/javascript; charset=utf-8
2021-10-11 15:22:21,509 ERROR    [app                       :afterRequest              ] [127.0.0.1] GET - /static/js/brightness.js -> 304 application/javascript; charset=utf-8
2021-10-11 15:22:21,524 NOTICE   [app                       :beforeRequest             ] [127.0.0.1] GET - /static/js/animations.js
2021-10-11 15:22:21,525 NOTICE   [app                       :beforeRequest             ] [127.0.0.1] GET - /static/js/controllers.js
2021-10-11 15:22:21,547 NOTICE   [app                       :beforeRequest             ] [127.0.0.1] GET - /static/lib/socket.io.js
2021-10-11 15:22:21,556 ERROR    [app                       :afterRequest              ] [127.0.0.1] GET - /static/js/controllers.js -> 304 application/javascript; charset=utf-8
2021-10-11 15:22:21,581 ERROR    [app                       :afterRequest              ] [127.0.0.1] GET - /static/js/animations.js -> 304 application/javascript; charset=utf-8
2021-10-11 15:22:21,618 ERROR    [app                       :afterRequest              ] [127.0.0.1] GET - /static/lib/socket.io.js -> 304 application/javascript; charset=utf-8
2021-10-11 15:22:22,029 NOTICE   [app                       :beforeRequest             ] [127.0.0.1] GET - /static/manifest.json
2021-10-11 15:22:22,047 ERROR    [app                       :afterRequest              ] [127.0.0.1] GET - /static/manifest.json -> 304 application/json
2021-10-11 15:22:22,060 NOTICE   [app                       :beforeRequest             ] [127.0.0.1] GET - /controllers
2021-10-11 15:22:22,061 NOTICE   [app                       :beforeRequest             ] [127.0.0.1] GET - /pwalayout
2021-10-11 15:22:22,061 ERROR    [engineio.server           :_log_error_once           ] The WebSocket transport is not available, you must install a WebSocket server that is compatible with your async mode to enable it. See the documentation for details. (further occurrences of this error will be logged with level INFO)
2021-10-11 15:22:22,064 SUCCESS  [app                       :afterRequest              ] [127.0.0.1] GET - /controllers -> 200 application/json
2021-10-11 15:22:22,066 SUCCESS  [app                       :afterRequest              ] [127.0.0.1] GET - /pwalayout -> 200 application/json
2021-10-11 15:22:22,323 NOTICE   [app                       :beforeRequest             ] [127.0.0.1] GET - /static/icons/icon-144x144.png
2021-10-11 15:22:22,340 ERROR    [app                       :afterRequest              ] [127.0.0.1] GET - /static/icons/icon-144x144.png -> 304 image/png
2021-10-11 15:22:22,370 NOTICE   [app                       :connect                   ] Client Connected: 127.0.0.1
2021-10-11 15:22:24,497 INFO     [modules.udp_manager       :send                      ] Send packet 3 to 10.0.0.72 with 23 bytes
2021-10-11 15:22:29,510 INFO     [modules.udp_manager       :send                      ] Send packet 4 to 10.0.0.72 with 23 bytes
2021-10-11 15:22:32,071 NOTICE   [app                       :beforeRequest             ] [127.0.0.1] GET - /version
2021-10-11 15:22:32,086 NOTICE   [app                       :disconnect                ] Client Disconnected: 127.0.0.1
2021-10-11 15:22:34,517 INFO     [modules.udp_manager       :send                      ] Send packet 6 to 10.0.0.72 with 23 bytes
2021-10-11 15:22:39,523 INFO     [modules.udp_manager       :send                      ] Send packet 7 to 10.0.0.72 with 23 bytes
2021-10-11 15:22:43,600 NOTICE   [app                       :beforeRequest             ] [127.0.0.1] GET - /static/manifest.json
2021-10-11 15:22:43,605 ERROR    [app                       :afterRequest              ] [127.0.0.1] GET - /static/manifest.json -> 304 application/json
2021-10-11 15:22:43,905 NOTICE   [app                       :beforeRequest             ] [127.0.0.1] GET - /static/css/main.css
2021-10-11 15:22:43,907 NOTICE   [app                       :beforeRequest             ] [127.0.0.1] GET - /static/css/mobile-expand.css
2021-10-11 15:22:43,910 NOTICE   [app                       :beforeRequest             ] [127.0.0.1] GET - /static/css/mobile.css
2021-10-11 15:22:43,911 NOTICE   [app                       :beforeRequest             ] [127.0.0.1] GET - /static/css/mobile-colors.css
2021-10-11 15:22:43,914 NOTICE   [app                       :beforeRequest             ] [127.0.0.1] GET - /static/css/mobile-brightness.css
2021-10-11 15:22:43,918 ERROR    [app                       :afterRequest              ] [127.0.0.1] GET - /static/css/main.css -> 304 text/css; charset=utf-8
2021-10-11 15:22:43,926 ERROR    [app                       :afterRequest              ] [127.0.0.1] GET - /static/css/mobile.css -> 304 text/css; charset=utf-8
2021-10-11 15:22:43,929 ERROR    [app                       :afterRequest              ] [127.0.0.1] GET - /static/css/mobile-expand.css -> 304 text/css; charset=utf-8
2021-10-11 15:22:43,931 ERROR    [app                       :afterRequest              ] [127.0.0.1] GET - /static/css/mobile-brightness.css -> 304 text/css; charset=utf-8
2021-10-11 15:22:43,934 ERROR    [app                       :afterRequest              ] [127.0.0.1] GET - /static/css/mobile-colors.css -> 304 text/css; charset=utf-8
2021-10-11 15:22:44,238 NOTICE   [app                       :beforeRequest             ] [127.0.0.1] GET - /static/css/mobile-animations.css
2021-10-11 15:22:44,241 ERROR    [app                       :afterRequest              ] [127.0.0.1] GET - /static/css/mobile-animations.css -> 304 text/css; charset=utf-8
2021-10-11 15:22:44,269 NOTICE   [app                       :beforeRequest             ] [127.0.0.1] GET - /static/css/mobile-controllers.css
2021-10-11 15:22:44,272 ERROR    [app                       :afterRequest              ] [127.0.0.1] GET - /static/css/mobile-controllers.css -> 304 text/css; charset=utf-8
2021-10-11 15:22:44,279 NOTICE   [app                       :beforeRequest             ] [127.0.0.1] GET - /static/lib/socket.io.min.js.map
2021-10-11 15:22:44,281 ERROR    [app                       :afterRequest              ] [127.0.0.1] GET - /static/lib/socket.io.min.js.map -> 404 application/json
2021-10-11 15:22:44,529 INFO     [modules.udp_manager       :send                      ] Send packet 8 to 10.0.0.72 with 23 bytes
2021-10-11 15:22:49,534 INFO     [modules.udp_manager       :send                      ] Send packet 9 to 10.0.0.72 with 23 bytes
2021-10-11 15:22:51,058 NOTICE   [app                       :beforeRequest             ] [127.0.0.1] GET - /version
2021-10-11 15:22:53,190 ERROR    [server                    :log_exception             ] Exception on /version [GET]
Traceback (most recent call last):
  File "/usr/lib/python3/dist-packages/urllib3/connection.py", line 156, in _new_conn
    conn = connection.create_connection(
  File "/usr/lib/python3/dist-packages/urllib3/util/connection.py", line 84, in create_connection
    raise err
  File "/usr/lib/python3/dist-packages/urllib3/util/connection.py", line 74, in create_connection
    sock.connect(sa)
BlockingIOError: [Errno 11] Resource temporarily unavailable

During handling of the above exception, another exception occurred:

Traceback (most recent call last):
  File "/usr/lib/python3/dist-packages/urllib3/connectionpool.py", line 665, in urlopen
    httplib_response = self._make_request(
  File "/usr/lib/python3/dist-packages/urllib3/connectionpool.py", line 387, in _make_request
    conn.request(method, url, **httplib_request_kw)
  File "/usr/lib/python3.8/http/client.py", line 1255, in request
    self._send_request(method, url, body, headers, encode_chunked)
  File "/usr/lib/python3.8/http/client.py", line 1301, in _send_request
    self.endheaders(body, encode_chunked=encode_chunked)
  File "/usr/lib/python3.8/http/client.py", line 1250, in endheaders
    self._send_output(message_body, encode_chunked=encode_chunked)
  File "/usr/lib/python3.8/http/client.py", line 1010, in _send_output
    self.send(msg)
  File "/usr/lib/python3.8/http/client.py", line 950, in send
    self.connect()
  File "/usr/lib/python3/dist-packages/urllib3/connection.py", line 184, in connect
    conn = self._new_conn()
  File "/usr/lib/python3/dist-packages/urllib3/connection.py", line 168, in _new_conn
    raise NewConnectionError(
urllib3.exceptions.NewConnectionError: <urllib3.connection.HTTPConnection object at 0x7fe72480fe80>: Failed to establish a new connection: [Errno 11] Resource temporarily unavailable

During handling of the above exception, another exception occurred:

Traceback (most recent call last):
  File "/usr/lib/python3/dist-packages/requests/adapters.py", line 439, in send
    resp = conn.urlopen(
  File "/usr/lib/python3/dist-packages/urllib3/connectionpool.py", line 719, in urlopen
    retries = retries.increment(
  File "/usr/lib/python3/dist-packages/urllib3/util/retry.py", line 436, in increment
    raise MaxRetryError(_pool, url, error or ResponseError(cause))
urllib3.exceptions.MaxRetryError: HTTPConnectionPool(host='192.168.29.100', port=80): Max retries exceeded with url: /proto (Caused by NewConnectionError('<urllib3.connection.HTTPConnection object at 0x7fe72480fe80>: Failed to establish a new connection: [Errno 11] Resource temporarily unavailable'))

During handling of the above exception, another exception occurred:

Traceback (most recent call last):
  File "/usr/local/lib/python3.8/dist-packages/flask/app.py", line 2051, in wsgi_app
    response = self.full_dispatch_request()
  File "/usr/local/lib/python3.8/dist-packages/flask/app.py", line 1501, in full_dispatch_request
    rv = self.handle_user_exception(e)
  File "/usr/local/lib/python3.8/dist-packages/flask/app.py", line 1499, in full_dispatch_request
    rv = self.dispatch_request()
  File "/usr/local/lib/python3.8/dist-packages/flask/app.py", line 1485, in dispatch_request
    return self.ensure_sync(self.view_functions[rule.endpoint])(**req.view_args)
  File "server.py", line 132, in getversion
    pm.getVersion()
  File "/mnt/c/Users/kinsa/Desktop/Git/ws_281x/src/webapp/modules/packet_manager.py", line 89, in getVersion
    response = requests.post(f"http://192.168.29.100/proto", packet.SerializeToString())
  File "/usr/lib/python3/dist-packages/requests/api.py", line 116, in post
    return request('post', url, data=data, json=json, **kwargs)
  File "/usr/lib/python3/dist-packages/requests/api.py", line 60, in request
    return session.request(method=method, url=url, **kwargs)
  File "/usr/lib/python3/dist-packages/requests/sessions.py", line 533, in request
    resp = self.send(prep, **send_kwargs)
  File "/usr/lib/python3/dist-packages/requests/sessions.py", line 646, in send
    r = adapter.send(request, **kwargs)
  File "/usr/lib/python3/dist-packages/requests/adapters.py", line 516, in send
    raise ConnectionError(e, request=request)
requests.exceptions.ConnectionError: HTTPConnectionPool(host='192.168.29.100', port=80): Max retries exceeded with url: /proto (Caused by NewConnectionError('<urllib3.connection.HTTPConnection object at 0x7fe72480fe80>: Failed to establish a new connection: [Errno 11] Resource temporarily unavailable'))
2021-10-11 15:22:53,621 ERROR    [app                       :afterRequest              ] [127.0.0.1] GET - /version -> 500 text/html; charset=utf-8
2021-10-11 15:22:54,556 INFO     [modules.udp_manager       :send                      ] Send packet 11 to 10.0.0.72 with 23 bytes
2021-10-11 15:22:59,563 INFO     [modules.udp_manager       :send                      ] Send packet 12 to 10.0.0.72 with 23 bytes
2021-10-11 15:23:04,570 INFO     [modules.udp_manager       :send                      ] Send packet 13 to 10.0.0.72 with 23 bytes
2021-10-11 15:23:09,153 NOTICE   [app                       :connect                   ] Client Connected: 127.0.0.1
2021-10-11 15:23:09,575 INFO     [modules.udp_manager       :send                      ] Send packet 14 to 10.0.0.72 with 23 bytes
2021-10-11 15:23:12,093 ERROR    [server                    :log_exception             ] Exception on /version [GET]
Traceback (most recent call last):
  File "/usr/lib/python3/dist-packages/urllib3/connection.py", line 156, in _new_conn
    conn = connection.create_connection(
  File "/usr/lib/python3/dist-packages/urllib3/util/connection.py", line 84, in create_connection
    raise err
  File "/usr/lib/python3/dist-packages/urllib3/util/connection.py", line 74, in create_connection
    sock.connect(sa)
BlockingIOError: [Errno 11] Resource temporarily unavailable

During handling of the above exception, another exception occurred:

Traceback (most recent call last):
  File "/usr/lib/python3/dist-packages/urllib3/connectionpool.py", line 665, in urlopen
    httplib_response = self._make_request(
  File "/usr/lib/python3/dist-packages/urllib3/connectionpool.py", line 387, in _make_request
    conn.request(method, url, **httplib_request_kw)
  File "/usr/lib/python3.8/http/client.py", line 1255, in request
    self._send_request(method, url, body, headers, encode_chunked)
  File "/usr/lib/python3.8/http/client.py", line 1301, in _send_request
    self.endheaders(body, encode_chunked=encode_chunked)
  File "/usr/lib/python3.8/http/client.py", line 1250, in endheaders
    self._send_output(message_body, encode_chunked=encode_chunked)
  File "/usr/lib/python3.8/http/client.py", line 1010, in _send_output
    self.send(msg)
  File "/usr/lib/python3.8/http/client.py", line 950, in send
    self.connect()
  File "/usr/lib/python3/dist-packages/urllib3/connection.py", line 184, in connect
    conn = self._new_conn()
  File "/usr/lib/python3/dist-packages/urllib3/connection.py", line 168, in _new_conn
    raise NewConnectionError(
urllib3.exceptions.NewConnectionError: <urllib3.connection.HTTPConnection object at 0x7fe72482b130>: Failed to establish a new connection: [Errno 11] Resource temporarily unavailable

During handling of the above exception, another exception occurred:

Traceback (most recent call last):
  File "/usr/lib/python3/dist-packages/requests/adapters.py", line 439, in send
    resp = conn.urlopen(
  File "/usr/lib/python3/dist-packages/urllib3/connectionpool.py", line 719, in urlopen
    retries = retries.increment(
  File "/usr/lib/python3/dist-packages/urllib3/util/retry.py", line 436, in increment
    raise MaxRetryError(_pool, url, error or ResponseError(cause))
urllib3.exceptions.MaxRetryError: HTTPConnectionPool(host='192.168.29.100', port=80): Max retries exceeded with url: /proto (Caused by NewConnectionError('<urllib3.connection.HTTPConnection object at 0x7fe72482b130>: Failed to establish a new connection: [Errno 11] Resource temporarily unavailable'))

During handling of the above exception, another exception occurred:

Traceback (most recent call last):
  File "/usr/local/lib/python3.8/dist-packages/flask/app.py", line 2051, in wsgi_app
    response = self.full_dispatch_request()
  File "/usr/local/lib/python3.8/dist-packages/flask/app.py", line 1501, in full_dispatch_request
    rv = self.handle_user_exception(e)
  File "/usr/local/lib/python3.8/dist-packages/flask/app.py", line 1499, in full_dispatch_request
    rv = self.dispatch_request()
  File "/usr/local/lib/python3.8/dist-packages/flask/app.py", line 1485, in dispatch_request
    return self.ensure_sync(self.view_functions[rule.endpoint])(**req.view_args)
  File "server.py", line 132, in getversion
    pm.getVersion()
  File "/mnt/c/Users/kinsa/Desktop/Git/ws_281x/src/webapp/modules/packet_manager.py", line 89, in getVersion
    response = requests.post(f"http://192.168.29.100/proto", packet.SerializeToString())
  File "/usr/lib/python3/dist-packages/requests/api.py", line 116, in post
    return request('post', url, data=data, json=json, **kwargs)
  File "/usr/lib/python3/dist-packages/requests/api.py", line 60, in request
    return session.request(method=method, url=url, **kwargs)
  File "/usr/lib/python3/dist-packages/requests/sessions.py", line 533, in request
    resp = self.send(prep, **send_kwargs)
  File "/usr/lib/python3/dist-packages/requests/sessions.py", line 646, in send
    r = adapter.send(request, **kwargs)
  File "/usr/lib/python3/dist-packages/requests/adapters.py", line 516, in send
    raise ConnectionError(e, request=request)
requests.exceptions.ConnectionError: HTTPConnectionPool(host='192.168.29.100', port=80): Max retries exceeded with url: /proto (Caused by NewConnectionError('<urllib3.connection.HTTPConnection object at 0x7fe72482b130>: Failed to establish a new connection: [Errno 11] Resource temporarily unavailable'))
2021-10-11 15:23:12,134 ERROR    [app                       :afterRequest              ] [127.0.0.1] GET - /version -> 500 text/html; charset=utf-8
2021-10-11 15:23:14,582 INFO     [modules.udp_manager       :send                      ] Send packet 15 to 10.0.0.72 with 23 bytes
2021-10-11 15:23:19,596 INFO     [modules.udp_manager       :send                      ] Send packet 16 to 10.0.0.72 with 23 bytes
2021-10-11 15:23:24,606 INFO     [modules.udp_manager       :send                      ] Send packet 17 to 10.0.0.72 with 23 bytes
2021-10-11 15:23:29,620 INFO     [modules.udp_manager       :send                      ] Send packet 18 to 10.0.0.72 with 23 bytes
2021-10-11 15:23:34,626 INFO     [modules.udp_manager       :send                      ] Send packet 19 to 10.0.0.72 with 23 bytes
2021-10-11 15:23:39,633 INFO     [modules.udp_manager       :send                      ] Send packet 20 to 10.0.0.72 with 23 bytes
2021-10-11 15:23:44,641 INFO     [modules.udp_manager       :send                      ] Send packet 21 to 10.0.0.72 with 23 bytes
2021-10-11 15:23:49,664 INFO     [modules.udp_manager       :send                      ] Send packet 22 to 10.0.0.72 with 23 bytes
2021-10-11 15:23:54,492 NOTICE   [app                       :disconnect                ] Client Disconnected: 127.0.0.1
2021-10-11 15:23:54,669 INFO     [modules.udp_manager       :send                      ] Send packet 23 to 10.0.0.72 with 23 bytes
2021-10-11 15:23:59,676 INFO     [modules.udp_manager       :send                      ] Send packet 24 to 10.0.0.72 with 23 bytes
2021-10-11 15:24:04,681 INFO     [modules.udp_manager       :send                      ] Send packet 25 to 10.0.0.72 with 23 bytes
2021-10-11 15:24:09,688 INFO     [modules.udp_manager       :send                      ] Send packet 26 to 10.0.0.72 with 23 bytes
2021-10-11 15:24:14,695 INFO     [modules.udp_manager       :send                      ] Send packet 27 to 10.0.0.72 with 23 bytes
2021-10-11 15:24:19,704 INFO     [modules.udp_manager       :send                      ] Send packet 28 to 10.0.0.72 with 23 bytes
2021-10-11 15:24:24,710 INFO     [modules.udp_manager       :send                      ] Send packet 29 to 10.0.0.72 with 23 bytes
2021-10-11 15:24:29,716 INFO     [modules.udp_manager       :send                      ] Send packet 30 to 10.0.0.72 with 23 bytes
2021-10-11 15:24:34,722 INFO     [modules.udp_manager       :send                      ] Send packet 31 to 10.0.0.72 with 23 bytes
2021-10-11 15:24:39,731 INFO     [modules.udp_manager       :send                      ] Send packet 32 to 10.0.0.72 with 23 bytes
2021-10-11 15:24:44,762 INFO     [modules.udp_manager       :send                      ] Send packet 33 to 10.0.0.72 with 23 bytes
2021-10-11 15:24:49,768 INFO     [modules.udp_manager       :send                      ] Send packet 34 to 10.0.0.72 with 23 bytes
2021-10-11 15:24:54,775 INFO     [modules.udp_manager       :send                      ] Send packet 35 to 10.0.0.72 with 23 bytes
2021-10-11 15:24:59,782 INFO     [modules.udp_manager       :send                      ] Send packet 36 to 10.0.0.72 with 23 bytes
2021-10-11 15:25:04,788 INFO     [modules.udp_manager       :send                      ] Send packet 37 to 10.0.0.72 with 23 bytes
2021-10-11 15:25:09,794 INFO     [modules.udp_manager       :send                      ] Send packet 38 to 10.0.0.72 with 23 bytes
2021-10-11 15:25:14,798 INFO     [modules.udp_manager       :send                      ] Send packet 39 to 10.0.0.72 with 23 bytes
2021-10-11 15:25:19,806 INFO     [modules.udp_manager       :send                      ] Send packet 40 to 10.0.0.72 with 23 bytes
2021-10-11 15:25:24,821 INFO     [modules.udp_manager       :send                      ] Send packet 41 to 10.0.0.72 with 23 bytes
2021-10-11 15:25:29,827 INFO     [modules.udp_manager       :send                      ] Send packet 42 to 10.0.0.72 with 23 bytes
2021-10-11 15:25:34,836 INFO     [modules.udp_manager       :send                      ] Send packet 43 to 10.0.0.72 with 23 bytes
2021-10-11 15:25:39,852 INFO     [modules.udp_manager       :send                      ] Send packet 44 to 10.0.0.72 with 23 bytes
2021-10-11 15:25:44,868 INFO     [modules.udp_manager       :send                      ] Send packet 45 to 10.0.0.72 with 23 bytes
2021-10-11 15:25:49,872 INFO     [modules.udp_manager       :send                      ] Send packet 46 to 10.0.0.72 with 23 bytes
2021-10-11 15:25:54,895 INFO     [modules.udp_manager       :send                      ] Send packet 47 to 10.0.0.72 with 23 bytes
2021-10-11 15:25:59,901 INFO     [modules.udp_manager       :send                      ] Send packet 48 to 10.0.0.72 with 23 bytes
2021-10-11 15:26:04,922 INFO     [modules.udp_manager       :send                      ] Send packet 49 to 10.0.0.72 with 23 bytes
2021-10-11 15:26:09,938 INFO     [modules.udp_manager       :send                      ] Send packet 50 to 10.0.0.72 with 23 bytes
2021-10-11 15:26:14,948 INFO     [modules.udp_manager       :send                      ] Send packet 51 to 10.0.0.72 with 23 bytes
2021-10-11 15:26:19,953 INFO     [modules.udp_manager       :send                      ] Send packet 52 to 10.0.0.72 with 23 bytes
2021-10-11 15:26:24,993 INFO     [modules.udp_manager       :send                      ] Send packet 53 to 10.0.0.72 with 23 bytes
2021-10-11 15:26:30,014 INFO     [modules.udp_manager       :send                      ] Send packet 54 to 10.0.0.72 with 23 bytes
2021-10-11 15:26:35,037 INFO     [modules.udp_manager       :send                      ] Send packet 55 to 10.0.0.72 with 23 bytes
2021-10-11 15:26:40,049 INFO     [modules.udp_manager       :send                      ] Send packet 56 to 10.0.0.72 with 23 bytes
2021-10-11 15:26:45,138 INFO     [modules.udp_manager       :send                      ] Send packet 57 to 10.0.0.72 with 23 bytes
2021-10-11 15:26:50,143 INFO     [modules.udp_manager       :send                      ] Send packet 58 to 10.0.0.72 with 23 bytes
2021-10-11 15:26:55,146 INFO     [modules.udp_manager       :send                      ] Send packet 59 to 10.0.0.72 with 23 bytes
2021-10-11 15:27:00,216 INFO     [modules.udp_manager       :send                      ] Send packet 60 to 10.0.0.72 with 23 bytes
2021-10-11 15:27:05,223 INFO     [modules.udp_manager       :send                      ] Send packet 61 to 10.0.0.72 with 23 bytes
2021-10-11 15:27:10,227 INFO     [modules.udp_manager       :send                      ] Send packet 62 to 10.0.0.72 with 23 bytes
2021-10-11 15:27:15,263 INFO     [modules.udp_manager       :send                      ] Send packet 63 to 10.0.0.72 with 23 bytes
2021-10-11 15:27:20,286 INFO     [modules.udp_manager       :send                      ] Send packet 64 to 10.0.0.72 with 23 bytes
